--- Starting bitbake server pid 75047 at 2018-08-13 18:23:38.300773 ---
Started bitbake server pid 75047
DEBUG: Found bblayers.conf (/build/conf/bblayers.conf)
DEBUG: Adding layer /build/poky/meta
DEBUG: Adding layer /build/poky/meta-poky
DEBUG: Adding layer /build/poky/meta-yocto-bsp
DEBUG: Adding layer /extsrc/meta-caiman-intel
DEBUG: Adding layer /extsrc/meta-caiman
DEBUG: Adding layer /build/meta-xa-golang
DEBUG: Adding layer /build/meta-intel
DEBUG: CONF /build/meta-intel/conf/layer.conf:24: including /build/meta-intel/conf/include/maintainers.inc
DEBUG: Adding layer /build/meta-openembedded/meta-networking
DEBUG: Adding layer /build/meta-openembedded/meta-filesystems
DEBUG: Adding layer /build/meta-openembedded/meta-python
DEBUG: Adding layer /build/meta-openembedded/meta-oe
DEBUG: CONF /build/poky/meta/conf/bitbake.conf:741: including conf/abi_version.conf
DEBUG: CONF /build/poky/meta/conf/bitbake.conf:742: including conf/site.conf
DEBUG: CONF file 'conf/site.conf' not found
DEBUG: CONF /build/poky/meta/conf/bitbake.conf:743: including conf/auto.conf
Entering server connection loop
DEBUG: CONF file 'conf/auto.conf' not found
DEBUG: CONF /build/poky/meta/conf/bitbake.conf:744: including conf/local.conf
DEBUG: CONF /build/poky/meta/conf/bitbake.conf:745: including conf/multiconfig/default.conf
DEBUG: CONF /build/poky/meta/conf/bitbake.conf:746: including conf/machine/transferpc.conf
DEBUG: CONF /extsrc/meta-caiman-intel/conf/machine/transferpc.conf:6: including conf/machine/intel-corei7-64.conf
DEBUG: CONF /build/meta-intel/conf/machine/intel-corei7-64.conf:6: including conf/machine/include/meta-intel.inc
DEBUG: CONF /build/meta-intel/conf/machine/include/meta-intel.inc:50: including conf/machine/include/qemuboot-intel.inc
DEBUG: CONF /build/meta-intel/conf/machine/include/meta-intel.inc:54: including conf/machine/include/qemu-intel.inc
DEBUG: CONF /build/meta-intel/conf/machine/intel-corei7-64.conf:7: including conf/machine/include/intel-corei7-64-common.inc
DEBUG: CONF /build/meta-intel/conf/machine/include/intel-corei7-64-common.inc:6: including conf/machine/include/tune-corei7.inc
DEBUG: CONF /build/poky/meta/conf/machine/include/tune-corei7.inc:12: including conf/machine/include/tune-core2.inc
DEBUG: CONF /build/poky/meta/conf/machine/include/tune-core2.inc:15: including conf/machine/include/tune-i586.inc
DEBUG: CONF /build/poky/meta/conf/machine/include/tune-i586.inc:3: including conf/machine/include/x86/arch-x86.inc
DEBUG: CONF /build/meta-intel/conf/machine/include/intel-corei7-64-common.inc:7: including conf/machine/include/x86-base.inc
DEBUG: CONF /build/meta-intel/conf/machine/intel-corei7-64.conf:8: including conf/machine/include/intel-common-pkgarch.inc
DEBUG: CONF /build/poky/meta/conf/bitbake.conf:747: including conf/machine-sdk/x86_64.conf
DEBUG: CONF /build/poky/meta/conf/bitbake.conf:748: including conf/distro/gatoregg.conf
DEBUG: CONF /extsrc/meta-caiman/conf/distro/gatoregg.conf:1: including conf/distro/poky.conf
DEBUG: CONF /build/poky/meta-poky/conf/distro/poky.conf:101: including conf/distro/include/poky-world-exclude.inc
DEBUG: CONF /build/poky/meta-poky/conf/distro/poky.conf:102: including conf/distro/include/no-static-libs.inc
DEBUG: CONF /build/poky/meta-poky/conf/distro/poky.conf:103: including conf/distro/include/yocto-uninative.inc
DEBUG: CONF /build/poky/meta/conf/bitbake.conf:749: including conf/distro/defaultsetup.conf
DEBUG: CONF /build/poky/meta/conf/distro/defaultsetup.conf:1: including conf/distro/include/default-providers.inc
DEBUG: CONF /build/poky/meta/conf/distro/defaultsetup.conf:2: including conf/distro/include/default-versions.inc
DEBUG: CONF /build/poky/meta/conf/distro/defaultsetup.conf:3: including conf/distro/include/default-distrovars.inc
DEBUG: CONF /build/poky/meta/conf/distro/defaultsetup.conf:4: including conf/distro/include/world-broken.inc
DEBUG: CONF /build/poky/meta/conf/distro/defaultsetup.conf:7: including conf/distro/include/tcmode-default.inc
DEBUG: CONF /build/poky/meta/conf/distro/include/tcmode-default.inc:71: including conf/distro/include/as-needed.inc
DEBUG: CONF /build/poky/meta/conf/distro/defaultsetup.conf:10: including conf/distro/include/tclibc-glibc.inc
DEBUG: CONF /build/poky/meta/conf/distro/defaultsetup.conf:12: including conf/distro/include/uninative-flags.inc
DEBUG: CONF /build/poky/meta/conf/bitbake.conf:750: including conf/documentation.conf
DEBUG: CONF /build/poky/meta/conf/bitbake.conf:751: including conf/licenses.conf
DEBUG: CONF /build/poky/meta/conf/bitbake.conf:752: including conf/sanity.conf
DEBUG: Inheriting /build/poky/meta/classes/base.bbclass (from configuration INHERITs:0)
DEBUG: Inheriting /build/poky/meta/classes/patch.bbclass (from /build/poky/meta/classes/base.bbclass:4)
DEBUG: Inheriting /build/poky/meta/classes/terminal.bbclass (from /build/poky/meta/classes/patch.bbclass:11)
DEBUG: Inheriting /build/poky/meta/classes/staging.bbclass (from /build/poky/meta/classes/base.bbclass:5)
DEBUG: Inheriting /build/poky/meta/classes/mirrors.bbclass (from /build/poky/meta/classes/base.bbclass:7)
DEBUG: Inheriting /build/poky/meta/classes/utils.bbclass (from /build/poky/meta/classes/base.bbclass:8)
DEBUG: Inheriting /build/poky/meta/classes/utility-tasks.bbclass (from /build/poky/meta/classes/base.bbclass:9)
DEBUG: Inheriting /build/poky/meta/classes/metadata_scm.bbclass (from /build/poky/meta/classes/base.bbclass:10)
DEBUG: Inheriting /build/poky/meta/classes/logging.bbclass (from /build/poky/meta/classes/base.bbclass:11)
DEBUG: Inheriting /build/poky/meta/classes/own-mirrors.bbclass (from configuration INHERITs:0)
DEBUG: Inheriting /build/poky/meta-poky/classes/poky-sanity.bbclass (from configuration INHERITs:0)
DEBUG: Inheriting /build/poky/meta/classes/uninative.bbclass (from configuration INHERITs:0)
DEBUG: Inheriting /build/poky/meta/classes/buildhistory.bbclass (from configuration INHERITs:0)
DEBUG: Inheriting /build/poky/meta/classes/package_rpm.bbclass (from configuration INHERITs:0)
DEBUG: Inheriting /build/poky/meta/classes/package.bbclass (from /build/poky/meta/classes/package_rpm.bbclass:1)
DEBUG: Inheriting /build/poky/meta/classes/packagedata.bbclass (from /build/poky/meta/classes/package.bbclass:41)
DEBUG: Inheriting /build/poky/meta/classes/chrpath.bbclass (from /build/poky/meta/classes/package.bbclass:42)
DEBUG: Inheriting /build/poky/meta/classes/insane.bbclass (from /build/poky/meta/classes/package.bbclass:45)
DEBUG: Inheriting /build/poky/meta/classes/buildstats.bbclass (from configuration INHERITs:0)
DEBUG: Inheriting /build/poky/meta/classes/image-mklibs.bbclass (from configuration INHERITs:0)
DEBUG: Inheriting /build/poky/meta/classes/linuxloader.bbclass (from /build/poky/meta/classes/image-mklibs.bbclass:5)
DEBUG: Inheriting /build/poky/meta/classes/image-prelink.bbclass (from configuration INHERITs:0)
DEBUG: Inheriting /build/poky/meta/classes/debian.bbclass (from configuration INHERITs:0)
DEBUG: Inheriting /build/poky/meta/classes/devshell.bbclass (from configuration INHERITs:0)
DEBUG: Inheriting /build/poky/meta/classes/sstate.bbclass (from configuration INHERITs:0)
DEBUG: Inheriting /build/poky/meta/classes/license.bbclass (from configuration INHERITs:0)
DEBUG: Inheriting /build/poky/meta/classes/remove-libtool.bbclass (from configuration INHERITs:0)
Accepting [<socket.socket fd=8, family=AddressFamily.AF_UNIX, type=SocketType.SOCK_STREAM, proto=0, laddr=bitbake.sock>]
DEBUG: Inheriting /build/poky/meta/classes/blacklist.bbclass (from configuration INHERITs:0)
DEBUG: Inheriting /build/poky/meta/classes/sanity.bbclass (from configuration INHERITs:0)
Connecting Client
DEBUG: Clearing SRCREV cache due to cache policy of: clear
DEBUG: Using cache in '/build/cache/local_file_checksum_cache.dat'
DEBUG: Using cache in '/build/cache/bb_codeparser.dat'
DEBUG: Enabling uninative
Running command ['setFeatures', [2]]
Running command ['updateConfig', {'verbose': False, 'dry_run': False, 'debug_domains': [], 'profile': False, 'extra_assume_provided': [], 'dump_signatures': [], 'prefile': [], 'abort': True, 'force': False, 'server_timeout': None, 'postfile': [], 'debug': 0, 'invalidate_stamp': None}, {'BB_ENV_EXTRAWHITE': 'ALL_PROXY BBPATH_EXTRA BB_NO_NETWORK BB_NUMBER_THREADS BB_SETSCENE_ENFORCE BB_SRCREV_POLICY DISTRO FTPS_PROXY FTP_PROXY GIT_PROXY_COMMAND HTTPS_PROXY HTTP_PROXY MACHINE NO_PROXY PARALLEL_MAKE SCREENDIR SDKMACHINE SOCKS5_PASSWD SOCKS5_USER SSH_AGENT_PID SSH_AUTH_SOCK STAMPS_DIR TCLIBC TCMODE all_proxy ftp_proxy ftps_proxy http_proxy https_proxy no_proxy ', 'TERM': 'xterm', 'BUILDDIR': '/build', 'LS_COLORS': 'rs=0:di=01;34:ln=01;36:mh=00:pi=40;33:so=01;35:do=01;35:bd=40;33;01:cd=40;33;01:or=40;31;01:su=37;41:sg=30;43:ca=30;41:tw=30;42:ow=34;42:st=37;44:ex=01;32:*.tar=01;31:*.tgz=01;31:*.arc=01;31:*.arj=01;31:*.taz=01;31:*.lha=01;31:*.lz4=01;31:*.lzh=01;31:*.lzma=01;31:*.tlz=01;31:*.txz=01;31:*.tzo=01;31:*.t7z=01;31:*.zip=01;31:*.z=01;31:*.Z=01;31:*.dz=01;31:*.gz=01;31:*.lrz=01;31:*.lz=01;31:*.lzo=01;31:*.xz=01;31:*.bz2=01;31:*.bz=01;31:*.tbz=01;31:*.tbz2=01;31:*.tz=01;31:*.deb=01;31:*.rpm=01;31:*.jar=01;31:*.war=01;31:*.ear=01;31:*.sar=01;31:*.rar=01;31:*.alz=01;31:*.ace=01;31:*.zoo=01;31:*.cpio=01;31:*.7z=01;31:*.rz=01;31:*.cab=01;31:*.jpg=01;35:*.jpeg=01;35:*.gif=01;35:*.bmp=01;35:*.pbm=01;35:*.pgm=01;35:*.ppm=01;35:*.tga=01;35:*.xbm=01;35:*.xpm=01;35:*.tif=01;35:*.tiff=01;35:*.png=01;35:*.svg=01;35:*.svgz=01;35:*.mng=01;35:*.pcx=01;35:*.mov=01;35:*.mpg=01;35:*.mpeg=01;35:*.m2v=01;35:*.mkv=01;35:*.webm=01;35:*.ogm=01;35:*.mp4=01;35:*.m4v=01;35:*.mp4v=01;35:*.vob=01;35:*.qt=01;35:*.nuv=01;35:*.wmv=01;35:*.asf=01;35:*.rm=01;35:*.rmvb=01;35:*.flc=01;35:*.avi=01;35:*.fli=01;35:*.flv=01;35:*.gl=01;35:*.dl=01;35:*.xcf=01;35:*.xwd=01;35:*.yuv=01;35:*.cgm=01;35:*.emf=01;35:*.axv=01;35:*.anx=01;35:*.ogv=01;35:*.ogx=01;35:*.aac=00;36:*.au=00;36:*.flac=00;36:*.m4a=00;36:*.mid=00;36:*.midi=00;36:*.mka=00;36:*.mp3=00;36:*.mpc=00;36:*.ogg=00;36:*.ra=00;36:*.wav=00;36:*.axa=00;36:*.oga=00;36:*.spx=00;36:*.xspf=00;36:', 'PATH': '/build/poky/scripts:/build/poky/bitbake/bin:/usr/local/bin:/usr/bin:/bin:/usr/local/games:/usr/games', 'OLDPWD': '/build/meta-xa-golang/recipes-golang', 'LANG': 'C.UTF-8', 'MACHINE': 'transferpc', 'LC_ALL': 'en_US.UTF-8', 'PWD': '/build/meta-xa-golang/recipes-golang/github.com-kr', 'BBPATH': '/build', '_': '/build/poky/bitbake/bin/bitbake', 'HOSTNAME': '4b166cfd8ffb', 'SHLVL': '1', 'HOME': '/home/minion', 'LANGUAGE': 'en_US:en'}, ['/build/poky/bitbake/bin/bitbake', 'github.com-kr-text']]
Running command ['getVariable', 'BBINCLUDELOGS']
Running command ['getVariable', 'BBINCLUDELOGS_LINES']
Running command ['getSetVariable', 'BB_CONSOLELOG']
Running command ['getUIHandlerNum']
Running command ['setEventMask', 1, 20, {}, ['bb.runqueue.runQueueExitWait', 'bb.event.LogExecTTY', 'logging.LogRecord', 'bb.build.TaskFailed', 'bb.build.TaskBase', 'bb.event.ParseStarted', 'bb.event.ParseProgress', 'bb.event.ParseCompleted', 'bb.event.CacheLoadStarted', 'bb.event.CacheLoadProgress', 'bb.event.CacheLoadCompleted', 'bb.command.CommandFailed', 'bb.command.CommandExit', 'bb.command.CommandCompleted', 'bb.cooker.CookerExit', 'bb.event.MultipleProviders', 'bb.event.NoProvider', 'bb.runqueue.sceneQueueTaskStarted', 'bb.runqueue.runQueueTaskStarted', 'bb.runqueue.runQueueTaskFailed', 'bb.runqueue.sceneQueueTaskFailed', 'bb.event.BuildBase', 'bb.build.TaskStarted', 'bb.build.TaskSucceeded', 'bb.build.TaskFailedSilent', 'bb.build.TaskProgress', 'bb.event.ProcessStarted', 'bb.event.ProcessProgress', 'bb.event.ProcessFinished']]
Running command ['getVariable', 'BB_DEFAULT_TASK']
Running command ['setConfig', 'cmd', 'build']
Running command ['buildTargets', ['github.com-kr-text'], 'build']
Connecting Client
Disconnecting Client
No timeout, exiting.
Exiting
--- Starting bitbake server pid 75267 at 2018-08-13 18:24:19.758996 ---
Started bitbake server pid 75267
DEBUG: Found bblayers.conf (/build/conf/bblayers.conf)
DEBUG: Adding layer /build/poky/meta
DEBUG: Adding layer /build/poky/meta-poky
DEBUG: Adding layer /build/poky/meta-yocto-bsp
DEBUG: Adding layer /extsrc/meta-caiman-intel
DEBUG: Adding layer /extsrc/meta-caiman
DEBUG: Adding layer /build/meta-xa-golang
DEBUG: Adding layer /build/meta-intel
DEBUG: CONF /build/meta-intel/conf/layer.conf:24: including /build/meta-intel/conf/include/maintainers.inc
DEBUG: Adding layer /build/meta-openembedded/meta-networking
DEBUG: Adding layer /build/meta-openembedded/meta-filesystems
DEBUG: Adding layer /build/meta-openembedded/meta-python
DEBUG: Adding layer /build/meta-openembedded/meta-oe
DEBUG: CONF /build/poky/meta/conf/bitbake.conf:741: including conf/abi_version.conf
DEBUG: CONF /build/poky/meta/conf/bitbake.conf:742: including conf/site.conf
DEBUG: CONF file 'conf/site.conf' not found
DEBUG: CONF /build/poky/meta/conf/bitbake.conf:743: including conf/auto.conf
Entering server connection loop
DEBUG: CONF file 'conf/auto.conf' not found
DEBUG: CONF /build/poky/meta/conf/bitbake.conf:744: including conf/local.conf
DEBUG: CONF /build/poky/meta/conf/bitbake.conf:745: including conf/multiconfig/default.conf
DEBUG: CONF /build/poky/meta/conf/bitbake.conf:746: including conf/machine/transferpc.conf
DEBUG: CONF /extsrc/meta-caiman-intel/conf/machine/transferpc.conf:6: including conf/machine/intel-corei7-64.conf
DEBUG: CONF /build/meta-intel/conf/machine/intel-corei7-64.conf:6: including conf/machine/include/meta-intel.inc
DEBUG: CONF /build/meta-intel/conf/machine/include/meta-intel.inc:50: including conf/machine/include/qemuboot-intel.inc
DEBUG: CONF /build/meta-intel/conf/machine/include/meta-intel.inc:54: including conf/machine/include/qemu-intel.inc
DEBUG: CONF /build/meta-intel/conf/machine/intel-corei7-64.conf:7: including conf/machine/include/intel-corei7-64-common.inc
DEBUG: CONF /build/meta-intel/conf/machine/include/intel-corei7-64-common.inc:6: including conf/machine/include/tune-corei7.inc
DEBUG: CONF /build/poky/meta/conf/machine/include/tune-corei7.inc:12: including conf/machine/include/tune-core2.inc
DEBUG: CONF /build/poky/meta/conf/machine/include/tune-core2.inc:15: including conf/machine/include/tune-i586.inc
DEBUG: CONF /build/poky/meta/conf/machine/include/tune-i586.inc:3: including conf/machine/include/x86/arch-x86.inc
DEBUG: CONF /build/meta-intel/conf/machine/include/intel-corei7-64-common.inc:7: including conf/machine/include/x86-base.inc
DEBUG: CONF /build/meta-intel/conf/machine/intel-corei7-64.conf:8: including conf/machine/include/intel-common-pkgarch.inc
DEBUG: CONF /build/poky/meta/conf/bitbake.conf:747: including conf/machine-sdk/x86_64.conf
DEBUG: CONF /build/poky/meta/conf/bitbake.conf:748: including conf/distro/gatoregg.conf
DEBUG: CONF /extsrc/meta-caiman/conf/distro/gatoregg.conf:1: including conf/distro/poky.conf
DEBUG: CONF /build/poky/meta-poky/conf/distro/poky.conf:101: including conf/distro/include/poky-world-exclude.inc
DEBUG: CONF /build/poky/meta-poky/conf/distro/poky.conf:102: including conf/distro/include/no-static-libs.inc
DEBUG: CONF /build/poky/meta-poky/conf/distro/poky.conf:103: including conf/distro/include/yocto-uninative.inc
DEBUG: CONF /build/poky/meta/conf/bitbake.conf:749: including conf/distro/defaultsetup.conf
DEBUG: CONF /build/poky/meta/conf/distro/defaultsetup.conf:1: including conf/distro/include/default-providers.inc
DEBUG: CONF /build/poky/meta/conf/distro/defaultsetup.conf:2: including conf/distro/include/default-versions.inc
DEBUG: CONF /build/poky/meta/conf/distro/defaultsetup.conf:3: including conf/distro/include/default-distrovars.inc
DEBUG: CONF /build/poky/meta/conf/distro/defaultsetup.conf:4: including conf/distro/include/world-broken.inc
DEBUG: CONF /build/poky/meta/conf/distro/defaultsetup.conf:7: including conf/distro/include/tcmode-default.inc
DEBUG: CONF /build/poky/meta/conf/distro/include/tcmode-default.inc:71: including conf/distro/include/as-needed.inc
DEBUG: CONF /build/poky/meta/conf/distro/defaultsetup.conf:10: including conf/distro/include/tclibc-glibc.inc
DEBUG: CONF /build/poky/meta/conf/distro/defaultsetup.conf:12: including conf/distro/include/uninative-flags.inc
DEBUG: CONF /build/poky/meta/conf/bitbake.conf:750: including conf/documentation.conf
DEBUG: CONF /build/poky/meta/conf/bitbake.conf:751: including conf/licenses.conf
DEBUG: CONF /build/poky/meta/conf/bitbake.conf:752: including conf/sanity.conf
DEBUG: Inheriting /build/poky/meta/classes/base.bbclass (from configuration INHERITs:0)
DEBUG: Inheriting /build/poky/meta/classes/patch.bbclass (from /build/poky/meta/classes/base.bbclass:4)
DEBUG: Inheriting /build/poky/meta/classes/terminal.bbclass (from /build/poky/meta/classes/patch.bbclass:11)
DEBUG: Inheriting /build/poky/meta/classes/staging.bbclass (from /build/poky/meta/classes/base.bbclass:5)
DEBUG: Inheriting /build/poky/meta/classes/mirrors.bbclass (from /build/poky/meta/classes/base.bbclass:7)
DEBUG: Inheriting /build/poky/meta/classes/utils.bbclass (from /build/poky/meta/classes/base.bbclass:8)
DEBUG: Inheriting /build/poky/meta/classes/utility-tasks.bbclass (from /build/poky/meta/classes/base.bbclass:9)
DEBUG: Inheriting /build/poky/meta/classes/metadata_scm.bbclass (from /build/poky/meta/classes/base.bbclass:10)
DEBUG: Inheriting /build/poky/meta/classes/logging.bbclass (from /build/poky/meta/classes/base.bbclass:11)
DEBUG: Inheriting /build/poky/meta/classes/own-mirrors.bbclass (from configuration INHERITs:0)
DEBUG: Inheriting /build/poky/meta-poky/classes/poky-sanity.bbclass (from configuration INHERITs:0)
DEBUG: Inheriting /build/poky/meta/classes/uninative.bbclass (from configuration INHERITs:0)
DEBUG: Inheriting /build/poky/meta/classes/buildhistory.bbclass (from configuration INHERITs:0)
DEBUG: Inheriting /build/poky/meta/classes/package_rpm.bbclass (from configuration INHERITs:0)
DEBUG: Inheriting /build/poky/meta/classes/package.bbclass (from /build/poky/meta/classes/package_rpm.bbclass:1)
DEBUG: Inheriting /build/poky/meta/classes/packagedata.bbclass (from /build/poky/meta/classes/package.bbclass:41)
DEBUG: Inheriting /build/poky/meta/classes/chrpath.bbclass (from /build/poky/meta/classes/package.bbclass:42)
DEBUG: Inheriting /build/poky/meta/classes/insane.bbclass (from /build/poky/meta/classes/package.bbclass:45)
DEBUG: Inheriting /build/poky/meta/classes/buildstats.bbclass (from configuration INHERITs:0)
DEBUG: Inheriting /build/poky/meta/classes/image-mklibs.bbclass (from configuration INHERITs:0)
DEBUG: Inheriting /build/poky/meta/classes/linuxloader.bbclass (from /build/poky/meta/classes/image-mklibs.bbclass:5)
DEBUG: Inheriting /build/poky/meta/classes/image-prelink.bbclass (from configuration INHERITs:0)
DEBUG: Inheriting /build/poky/meta/classes/debian.bbclass (from configuration INHERITs:0)
DEBUG: Inheriting /build/poky/meta/classes/devshell.bbclass (from configuration INHERITs:0)
DEBUG: Inheriting /build/poky/meta/classes/sstate.bbclass (from configuration INHERITs:0)
DEBUG: Inheriting /build/poky/meta/classes/license.bbclass (from configuration INHERITs:0)
Accepting [<socket.socket fd=8, family=AddressFamily.AF_UNIX, type=SocketType.SOCK_STREAM, proto=0, laddr=bitbake.sock>]
DEBUG: Inheriting /build/poky/meta/classes/remove-libtool.bbclass (from configuration INHERITs:0)
DEBUG: Inheriting /build/poky/meta/classes/blacklist.bbclass (from configuration INHERITs:0)
Connecting Client
DEBUG: Inheriting /build/poky/meta/classes/sanity.bbclass (from configuration INHERITs:0)
DEBUG: Clearing SRCREV cache due to cache policy of: clear
DEBUG: Using cache in '/build/cache/local_file_checksum_cache.dat'
DEBUG: Using cache in '/build/cache/bb_codeparser.dat'
DEBUG: Enabling uninative
Running command ['setFeatures', [2]]
Running command ['updateConfig', {'server_timeout': None, 'debug': 0, 'dry_run': False, 'postfile': [], 'extra_assume_provided': [], 'profile': False, 'debug_domains': [], 'prefile': [], 'invalidate_stamp': None, 'force': False, 'dump_signatures': [], 'abort': True, 'verbose': False}, {'LANGUAGE': 'en_US:en', 'HOME': '/home/minion', 'LANG': 'C.UTF-8', 'PWD': '/build/meta-xa-golang/recipes-golang/github.com-kr', '_': '/build/poky/bitbake/bin/bitbake', 'BUILDDIR': '/build', 'PATH': '/build/poky/scripts:/build/poky/bitbake/bin:/usr/local/bin:/usr/bin:/bin:/usr/local/games:/usr/games', 'HOSTNAME': '4b166cfd8ffb', 'BBPATH': '/build', 'LS_COLORS': 'rs=0:di=01;34:ln=01;36:mh=00:pi=40;33:so=01;35:do=01;35:bd=40;33;01:cd=40;33;01:or=40;31;01:su=37;41:sg=30;43:ca=30;41:tw=30;42:ow=34;42:st=37;44:ex=01;32:*.tar=01;31:*.tgz=01;31:*.arc=01;31:*.arj=01;31:*.taz=01;31:*.lha=01;31:*.lz4=01;31:*.lzh=01;31:*.lzma=01;31:*.tlz=01;31:*.txz=01;31:*.tzo=01;31:*.t7z=01;31:*.zip=01;31:*.z=01;31:*.Z=01;31:*.dz=01;31:*.gz=01;31:*.lrz=01;31:*.lz=01;31:*.lzo=01;31:*.xz=01;31:*.bz2=01;31:*.bz=01;31:*.tbz=01;31:*.tbz2=01;31:*.tz=01;31:*.deb=01;31:*.rpm=01;31:*.jar=01;31:*.war=01;31:*.ear=01;31:*.sar=01;31:*.rar=01;31:*.alz=01;31:*.ace=01;31:*.zoo=01;31:*.cpio=01;31:*.7z=01;31:*.rz=01;31:*.cab=01;31:*.jpg=01;35:*.jpeg=01;35:*.gif=01;35:*.bmp=01;35:*.pbm=01;35:*.pgm=01;35:*.ppm=01;35:*.tga=01;35:*.xbm=01;35:*.xpm=01;35:*.tif=01;35:*.tiff=01;35:*.png=01;35:*.svg=01;35:*.svgz=01;35:*.mng=01;35:*.pcx=01;35:*.mov=01;35:*.mpg=01;35:*.mpeg=01;35:*.m2v=01;35:*.mkv=01;35:*.webm=01;35:*.ogm=01;35:*.mp4=01;35:*.m4v=01;35:*.mp4v=01;35:*.vob=01;35:*.qt=01;35:*.nuv=01;35:*.wmv=01;35:*.asf=01;35:*.rm=01;35:*.rmvb=01;35:*.flc=01;35:*.avi=01;35:*.fli=01;35:*.flv=01;35:*.gl=01;35:*.dl=01;35:*.xcf=01;35:*.xwd=01;35:*.yuv=01;35:*.cgm=01;35:*.emf=01;35:*.axv=01;35:*.anx=01;35:*.ogv=01;35:*.ogx=01;35:*.aac=00;36:*.au=00;36:*.flac=00;36:*.m4a=00;36:*.mid=00;36:*.midi=00;36:*.mka=00;36:*.mp3=00;36:*.mpc=00;36:*.ogg=00;36:*.ra=00;36:*.wav=00;36:*.axa=00;36:*.oga=00;36:*.spx=00;36:*.xspf=00;36:', 'LC_ALL': 'en_US.UTF-8', 'MACHINE': 'transferpc', 'SHLVL': '1', 'OLDPWD': '/build/meta-xa-golang/recipes-golang', 'TERM': 'xterm', 'BB_ENV_EXTRAWHITE': 'ALL_PROXY BBPATH_EXTRA BB_NO_NETWORK BB_NUMBER_THREADS BB_SETSCENE_ENFORCE BB_SRCREV_POLICY DISTRO FTPS_PROXY FTP_PROXY GIT_PROXY_COMMAND HTTPS_PROXY HTTP_PROXY MACHINE NO_PROXY PARALLEL_MAKE SCREENDIR SDKMACHINE SOCKS5_PASSWD SOCKS5_USER SSH_AGENT_PID SSH_AUTH_SOCK STAMPS_DIR TCLIBC TCMODE all_proxy ftp_proxy ftps_proxy http_proxy https_proxy no_proxy '}, ['/build/poky/bitbake/bin/bitbake', 'github.com-kr-text']]
Running command ['getVariable', 'BBINCLUDELOGS']
Running command ['getVariable', 'BBINCLUDELOGS_LINES']
Running command ['getSetVariable', 'BB_CONSOLELOG']
Running command ['getUIHandlerNum']
Running command ['setEventMask', 1, 20, {}, ['bb.runqueue.runQueueExitWait', 'bb.event.LogExecTTY', 'logging.LogRecord', 'bb.build.TaskFailed', 'bb.build.TaskBase', 'bb.event.ParseStarted', 'bb.event.ParseProgress', 'bb.event.ParseCompleted', 'bb.event.CacheLoadStarted', 'bb.event.CacheLoadProgress', 'bb.event.CacheLoadCompleted', 'bb.command.CommandFailed', 'bb.command.CommandExit', 'bb.command.CommandCompleted', 'bb.cooker.CookerExit', 'bb.event.MultipleProviders', 'bb.event.NoProvider', 'bb.runqueue.sceneQueueTaskStarted', 'bb.runqueue.runQueueTaskStarted', 'bb.runqueue.runQueueTaskFailed', 'bb.runqueue.sceneQueueTaskFailed', 'bb.event.BuildBase', 'bb.build.TaskStarted', 'bb.build.TaskSucceeded', 'bb.build.TaskFailedSilent', 'bb.build.TaskProgress', 'bb.event.ProcessStarted', 'bb.event.ProcessProgress', 'bb.event.ProcessFinished']]
Running command ['getVariable', 'BB_DEFAULT_TASK']
Running command ['setConfig', 'cmd', 'build']
Running command ['buildTargets', ['github.com-kr-text'], 'build']
Connecting Client
Disconnecting Client
No timeout, exiting.
Exiting
--- Starting bitbake server pid 75527 at 2018-08-13 18:27:22.606116 ---
Started bitbake server pid 75527
DEBUG: Found bblayers.conf (/build/conf/bblayers.conf)
DEBUG: Adding layer /build/poky/meta
DEBUG: Adding layer /build/poky/meta-poky
DEBUG: Adding layer /build/poky/meta-yocto-bsp
DEBUG: Adding layer /extsrc/meta-caiman-intel
DEBUG: Adding layer /extsrc/meta-caiman
DEBUG: Adding layer /build/meta-xa-golang
DEBUG: Adding layer /build/meta-intel
DEBUG: CONF /build/meta-intel/conf/layer.conf:24: including /build/meta-intel/conf/include/maintainers.inc
DEBUG: Adding layer /build/meta-openembedded/meta-networking
DEBUG: Adding layer /build/meta-openembedded/meta-filesystems
DEBUG: Adding layer /build/meta-openembedded/meta-python
DEBUG: Adding layer /build/meta-openembedded/meta-oe
DEBUG: CONF /build/poky/meta/conf/bitbake.conf:741: including conf/abi_version.conf
DEBUG: CONF /build/poky/meta/conf/bitbake.conf:742: including conf/site.conf
DEBUG: CONF file 'conf/site.conf' not found
DEBUG: CONF /build/poky/meta/conf/bitbake.conf:743: including conf/auto.conf
DEBUG: CONF file 'conf/auto.conf' not found
Entering server connection loop
DEBUG: CONF /build/poky/meta/conf/bitbake.conf:744: including conf/local.conf
DEBUG: CONF /build/poky/meta/conf/bitbake.conf:745: including conf/multiconfig/default.conf
DEBUG: CONF /build/poky/meta/conf/bitbake.conf:746: including conf/machine/transferpc.conf
DEBUG: CONF /extsrc/meta-caiman-intel/conf/machine/transferpc.conf:6: including conf/machine/intel-corei7-64.conf
DEBUG: CONF /build/meta-intel/conf/machine/intel-corei7-64.conf:6: including conf/machine/include/meta-intel.inc
DEBUG: CONF /build/meta-intel/conf/machine/include/meta-intel.inc:50: including conf/machine/include/qemuboot-intel.inc
DEBUG: CONF /build/meta-intel/conf/machine/include/meta-intel.inc:54: including conf/machine/include/qemu-intel.inc
DEBUG: CONF /build/meta-intel/conf/machine/intel-corei7-64.conf:7: including conf/machine/include/intel-corei7-64-common.inc
DEBUG: CONF /build/meta-intel/conf/machine/include/intel-corei7-64-common.inc:6: including conf/machine/include/tune-corei7.inc
DEBUG: CONF /build/poky/meta/conf/machine/include/tune-corei7.inc:12: including conf/machine/include/tune-core2.inc
DEBUG: CONF /build/poky/meta/conf/machine/include/tune-core2.inc:15: including conf/machine/include/tune-i586.inc
DEBUG: CONF /build/poky/meta/conf/machine/include/tune-i586.inc:3: including conf/machine/include/x86/arch-x86.inc
DEBUG: CONF /build/meta-intel/conf/machine/include/intel-corei7-64-common.inc:7: including conf/machine/include/x86-base.inc
DEBUG: CONF /build/meta-intel/conf/machine/intel-corei7-64.conf:8: including conf/machine/include/intel-common-pkgarch.inc
DEBUG: CONF /build/poky/meta/conf/bitbake.conf:747: including conf/machine-sdk/x86_64.conf
DEBUG: CONF /build/poky/meta/conf/bitbake.conf:748: including conf/distro/gatoregg.conf
DEBUG: CONF /extsrc/meta-caiman/conf/distro/gatoregg.conf:1: including conf/distro/poky.conf
DEBUG: CONF /build/poky/meta-poky/conf/distro/poky.conf:101: including conf/distro/include/poky-world-exclude.inc
DEBUG: CONF /build/poky/meta-poky/conf/distro/poky.conf:102: including conf/distro/include/no-static-libs.inc
DEBUG: CONF /build/poky/meta-poky/conf/distro/poky.conf:103: including conf/distro/include/yocto-uninative.inc
DEBUG: CONF /build/poky/meta/conf/bitbake.conf:749: including conf/distro/defaultsetup.conf
DEBUG: CONF /build/poky/meta/conf/distro/defaultsetup.conf:1: including conf/distro/include/default-providers.inc
DEBUG: CONF /build/poky/meta/conf/distro/defaultsetup.conf:2: including conf/distro/include/default-versions.inc
DEBUG: CONF /build/poky/meta/conf/distro/defaultsetup.conf:3: including conf/distro/include/default-distrovars.inc
DEBUG: CONF /build/poky/meta/conf/distro/defaultsetup.conf:4: including conf/distro/include/world-broken.inc
DEBUG: CONF /build/poky/meta/conf/distro/defaultsetup.conf:7: including conf/distro/include/tcmode-default.inc
DEBUG: CONF /build/poky/meta/conf/distro/include/tcmode-default.inc:71: including conf/distro/include/as-needed.inc
DEBUG: CONF /build/poky/meta/conf/distro/defaultsetup.conf:10: including conf/distro/include/tclibc-glibc.inc
DEBUG: CONF /build/poky/meta/conf/distro/defaultsetup.conf:12: including conf/distro/include/uninative-flags.inc
DEBUG: CONF /build/poky/meta/conf/bitbake.conf:750: including conf/documentation.conf
DEBUG: CONF /build/poky/meta/conf/bitbake.conf:751: including conf/licenses.conf
DEBUG: CONF /build/poky/meta/conf/bitbake.conf:752: including conf/sanity.conf
DEBUG: Inheriting /build/poky/meta/classes/base.bbclass (from configuration INHERITs:0)
DEBUG: Inheriting /build/poky/meta/classes/patch.bbclass (from /build/poky/meta/classes/base.bbclass:4)
DEBUG: Inheriting /build/poky/meta/classes/terminal.bbclass (from /build/poky/meta/classes/patch.bbclass:11)
DEBUG: Inheriting /build/poky/meta/classes/staging.bbclass (from /build/poky/meta/classes/base.bbclass:5)
DEBUG: Inheriting /build/poky/meta/classes/mirrors.bbclass (from /build/poky/meta/classes/base.bbclass:7)
DEBUG: Inheriting /build/poky/meta/classes/utils.bbclass (from /build/poky/meta/classes/base.bbclass:8)
DEBUG: Inheriting /build/poky/meta/classes/utility-tasks.bbclass (from /build/poky/meta/classes/base.bbclass:9)
DEBUG: Inheriting /build/poky/meta/classes/metadata_scm.bbclass (from /build/poky/meta/classes/base.bbclass:10)
DEBUG: Inheriting /build/poky/meta/classes/logging.bbclass (from /build/poky/meta/classes/base.bbclass:11)
DEBUG: Inheriting /build/poky/meta/classes/own-mirrors.bbclass (from configuration INHERITs:0)
DEBUG: Inheriting /build/poky/meta-poky/classes/poky-sanity.bbclass (from configuration INHERITs:0)
DEBUG: Inheriting /build/poky/meta/classes/uninative.bbclass (from configuration INHERITs:0)
DEBUG: Inheriting /build/poky/meta/classes/buildhistory.bbclass (from configuration INHERITs:0)
DEBUG: Inheriting /build/poky/meta/classes/package_rpm.bbclass (from configuration INHERITs:0)
DEBUG: Inheriting /build/poky/meta/classes/package.bbclass (from /build/poky/meta/classes/package_rpm.bbclass:1)
DEBUG: Inheriting /build/poky/meta/classes/packagedata.bbclass (from /build/poky/meta/classes/package.bbclass:41)
DEBUG: Inheriting /build/poky/meta/classes/chrpath.bbclass (from /build/poky/meta/classes/package.bbclass:42)
DEBUG: Inheriting /build/poky/meta/classes/insane.bbclass (from /build/poky/meta/classes/package.bbclass:45)
DEBUG: Inheriting /build/poky/meta/classes/buildstats.bbclass (from configuration INHERITs:0)
DEBUG: Inheriting /build/poky/meta/classes/image-mklibs.bbclass (from configuration INHERITs:0)
DEBUG: Inheriting /build/poky/meta/classes/linuxloader.bbclass (from /build/poky/meta/classes/image-mklibs.bbclass:5)
DEBUG: Inheriting /build/poky/meta/classes/image-prelink.bbclass (from configuration INHERITs:0)
DEBUG: Inheriting /build/poky/meta/classes/debian.bbclass (from configuration INHERITs:0)
DEBUG: Inheriting /build/poky/meta/classes/devshell.bbclass (from configuration INHERITs:0)
DEBUG: Inheriting /build/poky/meta/classes/sstate.bbclass (from configuration INHERITs:0)
DEBUG: Inheriting /build/poky/meta/classes/license.bbclass (from configuration INHERITs:0)
DEBUG: Inheriting /build/poky/meta/classes/remove-libtool.bbclass (from configuration INHERITs:0)
Accepting [<socket.socket fd=8, family=AddressFamily.AF_UNIX, type=SocketType.SOCK_STREAM, proto=0, laddr=bitbake.sock>]
DEBUG: Inheriting /build/poky/meta/classes/blacklist.bbclass (from configuration INHERITs:0)
DEBUG: Inheriting /build/poky/meta/classes/sanity.bbclass (from configuration INHERITs:0)
Connecting Client
DEBUG: Clearing SRCREV cache due to cache policy of: clear
DEBUG: Using cache in '/build/cache/local_file_checksum_cache.dat'
DEBUG: Using cache in '/build/cache/bb_codeparser.dat'
DEBUG: Enabling uninative
Running command ['setFeatures', [2]]
Running command ['updateConfig', {'postfile': [], 'verbose': False, 'invalidate_stamp': None, 'abort': True, 'dry_run': False, 'prefile': [], 'server_timeout': None, 'debug_domains': [], 'debug': 0, 'force': False, 'extra_assume_provided': [], 'profile': False, 'dump_signatures': []}, {'_': '/build/poky/bitbake/bin/bitbake', 'OLDPWD': '/build/meta-xa-golang/recipes-golang', 'LC_ALL': 'en_US.UTF-8', 'LANGUAGE': 'en_US:en', 'HOME': '/home/minion', 'LANG': 'C.UTF-8', 'HOSTNAME': '4b166cfd8ffb', 'PWD': '/build/meta-xa-golang/recipes-golang/github.com-kr', 'BB_ENV_EXTRAWHITE': 'ALL_PROXY BBPATH_EXTRA BB_NO_NETWORK BB_NUMBER_THREADS BB_SETSCENE_ENFORCE BB_SRCREV_POLICY DISTRO FTPS_PROXY FTP_PROXY GIT_PROXY_COMMAND HTTPS_PROXY HTTP_PROXY MACHINE NO_PROXY PARALLEL_MAKE SCREENDIR SDKMACHINE SOCKS5_PASSWD SOCKS5_USER SSH_AGENT_PID SSH_AUTH_SOCK STAMPS_DIR TCLIBC TCMODE all_proxy ftp_proxy ftps_proxy http_proxy https_proxy no_proxy ', 'MACHINE': 'transferpc', 'BUILDDIR': '/build', 'BBPATH': '/build', 'LS_COLORS': 'rs=0:di=01;34:ln=01;36:mh=00:pi=40;33:so=01;35:do=01;35:bd=40;33;01:cd=40;33;01:or=40;31;01:su=37;41:sg=30;43:ca=30;41:tw=30;42:ow=34;42:st=37;44:ex=01;32:*.tar=01;31:*.tgz=01;31:*.arc=01;31:*.arj=01;31:*.taz=01;31:*.lha=01;31:*.lz4=01;31:*.lzh=01;31:*.lzma=01;31:*.tlz=01;31:*.txz=01;31:*.tzo=01;31:*.t7z=01;31:*.zip=01;31:*.z=01;31:*.Z=01;31:*.dz=01;31:*.gz=01;31:*.lrz=01;31:*.lz=01;31:*.lzo=01;31:*.xz=01;31:*.bz2=01;31:*.bz=01;31:*.tbz=01;31:*.tbz2=01;31:*.tz=01;31:*.deb=01;31:*.rpm=01;31:*.jar=01;31:*.war=01;31:*.ear=01;31:*.sar=01;31:*.rar=01;31:*.alz=01;31:*.ace=01;31:*.zoo=01;31:*.cpio=01;31:*.7z=01;31:*.rz=01;31:*.cab=01;31:*.jpg=01;35:*.jpeg=01;35:*.gif=01;35:*.bmp=01;35:*.pbm=01;35:*.pgm=01;35:*.ppm=01;35:*.tga=01;35:*.xbm=01;35:*.xpm=01;35:*.tif=01;35:*.tiff=01;35:*.png=01;35:*.svg=01;35:*.svgz=01;35:*.mng=01;35:*.pcx=01;35:*.mov=01;35:*.mpg=01;35:*.mpeg=01;35:*.m2v=01;35:*.mkv=01;35:*.webm=01;35:*.ogm=01;35:*.mp4=01;35:*.m4v=01;35:*.mp4v=01;35:*.vob=01;35:*.qt=01;35:*.nuv=01;35:*.wmv=01;35:*.asf=01;35:*.rm=01;35:*.rmvb=01;35:*.flc=01;35:*.avi=01;35:*.fli=01;35:*.flv=01;35:*.gl=01;35:*.dl=01;35:*.xcf=01;35:*.xwd=01;35:*.yuv=01;35:*.cgm=01;35:*.emf=01;35:*.axv=01;35:*.anx=01;35:*.ogv=01;35:*.ogx=01;35:*.aac=00;36:*.au=00;36:*.flac=00;36:*.m4a=00;36:*.mid=00;36:*.midi=00;36:*.mka=00;36:*.mp3=00;36:*.mpc=00;36:*.ogg=00;36:*.ra=00;36:*.wav=00;36:*.axa=00;36:*.oga=00;36:*.spx=00;36:*.xspf=00;36:', 'SHLVL': '1', 'TERM': 'xterm', 'PATH': '/build/poky/scripts:/build/poky/bitbake/bin:/usr/local/bin:/usr/bin:/bin:/usr/local/games:/usr/games'}, ['/build/poky/bitbake/bin/bitbake', 'github.com-kr-pty']]
Running command ['getVariable', 'BBINCLUDELOGS']
Running command ['getVariable', 'BBINCLUDELOGS_LINES']
Running command ['getSetVariable', 'BB_CONSOLELOG']
Running command ['getUIHandlerNum']
Running command ['setEventMask', 1, 20, {}, ['bb.runqueue.runQueueExitWait', 'bb.event.LogExecTTY', 'logging.LogRecord', 'bb.build.TaskFailed', 'bb.build.TaskBase', 'bb.event.ParseStarted', 'bb.event.ParseProgress', 'bb.event.ParseCompleted', 'bb.event.CacheLoadStarted', 'bb.event.CacheLoadProgress', 'bb.event.CacheLoadCompleted', 'bb.command.CommandFailed', 'bb.command.CommandExit', 'bb.command.CommandCompleted', 'bb.cooker.CookerExit', 'bb.event.MultipleProviders', 'bb.event.NoProvider', 'bb.runqueue.sceneQueueTaskStarted', 'bb.runqueue.runQueueTaskStarted', 'bb.runqueue.runQueueTaskFailed', 'bb.runqueue.sceneQueueTaskFailed', 'bb.event.BuildBase', 'bb.build.TaskStarted', 'bb.build.TaskSucceeded', 'bb.build.TaskFailedSilent', 'bb.build.TaskProgress', 'bb.event.ProcessStarted', 'bb.event.ProcessProgress', 'bb.event.ProcessFinished']]
Running command ['getVariable', 'BB_DEFAULT_TASK']
Running command ['setConfig', 'cmd', 'build']
Running command ['buildTargets', ['github.com-kr-pty'], 'build']
Connecting Client
Disconnecting Client
No timeout, exiting.
Exiting
--- Starting bitbake server pid 75563 at 2018-08-13 18:28:18.988541 ---
Started bitbake server pid 75563
DEBUG: Found bblayers.conf (/build/conf/bblayers.conf)
DEBUG: Adding layer /build/poky/meta
DEBUG: Adding layer /build/poky/meta-poky
DEBUG: Adding layer /build/poky/meta-yocto-bsp
DEBUG: Adding layer /extsrc/meta-caiman-intel
DEBUG: Adding layer /extsrc/meta-caiman
DEBUG: Adding layer /build/meta-xa-golang
DEBUG: Adding layer /build/meta-intel
DEBUG: CONF /build/meta-intel/conf/layer.conf:24: including /build/meta-intel/conf/include/maintainers.inc
DEBUG: Adding layer /build/meta-openembedded/meta-networking
DEBUG: Adding layer /build/meta-openembedded/meta-filesystems
DEBUG: Adding layer /build/meta-openembedded/meta-python
DEBUG: Adding layer /build/meta-openembedded/meta-oe
DEBUG: CONF /build/poky/meta/conf/bitbake.conf:741: including conf/abi_version.conf
DEBUG: CONF /build/poky/meta/conf/bitbake.conf:742: including conf/site.conf
DEBUG: CONF file 'conf/site.conf' not found
DEBUG: CONF /build/poky/meta/conf/bitbake.conf:743: including conf/auto.conf
DEBUG: CONF file 'conf/auto.conf' not found
Entering server connection loop
DEBUG: CONF /build/poky/meta/conf/bitbake.conf:744: including conf/local.conf
DEBUG: CONF /build/poky/meta/conf/bitbake.conf:745: including conf/multiconfig/default.conf
DEBUG: CONF /build/poky/meta/conf/bitbake.conf:746: including conf/machine/transferpc.conf
DEBUG: CONF /extsrc/meta-caiman-intel/conf/machine/transferpc.conf:6: including conf/machine/intel-corei7-64.conf
DEBUG: CONF /build/meta-intel/conf/machine/intel-corei7-64.conf:6: including conf/machine/include/meta-intel.inc
DEBUG: CONF /build/meta-intel/conf/machine/include/meta-intel.inc:50: including conf/machine/include/qemuboot-intel.inc
DEBUG: CONF /build/meta-intel/conf/machine/include/meta-intel.inc:54: including conf/machine/include/qemu-intel.inc
DEBUG: CONF /build/meta-intel/conf/machine/intel-corei7-64.conf:7: including conf/machine/include/intel-corei7-64-common.inc
DEBUG: CONF /build/meta-intel/conf/machine/include/intel-corei7-64-common.inc:6: including conf/machine/include/tune-corei7.inc
DEBUG: CONF /build/poky/meta/conf/machine/include/tune-corei7.inc:12: including conf/machine/include/tune-core2.inc
DEBUG: CONF /build/poky/meta/conf/machine/include/tune-core2.inc:15: including conf/machine/include/tune-i586.inc
DEBUG: CONF /build/poky/meta/conf/machine/include/tune-i586.inc:3: including conf/machine/include/x86/arch-x86.inc
DEBUG: CONF /build/meta-intel/conf/machine/include/intel-corei7-64-common.inc:7: including conf/machine/include/x86-base.inc
DEBUG: CONF /build/meta-intel/conf/machine/intel-corei7-64.conf:8: including conf/machine/include/intel-common-pkgarch.inc
DEBUG: CONF /build/poky/meta/conf/bitbake.conf:747: including conf/machine-sdk/x86_64.conf
DEBUG: CONF /build/poky/meta/conf/bitbake.conf:748: including conf/distro/gatoregg.conf
DEBUG: CONF /extsrc/meta-caiman/conf/distro/gatoregg.conf:1: including conf/distro/poky.conf
DEBUG: CONF /build/poky/meta-poky/conf/distro/poky.conf:101: including conf/distro/include/poky-world-exclude.inc
DEBUG: CONF /build/poky/meta-poky/conf/distro/poky.conf:102: including conf/distro/include/no-static-libs.inc
DEBUG: CONF /build/poky/meta-poky/conf/distro/poky.conf:103: including conf/distro/include/yocto-uninative.inc
DEBUG: CONF /build/poky/meta/conf/bitbake.conf:749: including conf/distro/defaultsetup.conf
DEBUG: CONF /build/poky/meta/conf/distro/defaultsetup.conf:1: including conf/distro/include/default-providers.inc
DEBUG: CONF /build/poky/meta/conf/distro/defaultsetup.conf:2: including conf/distro/include/default-versions.inc
DEBUG: CONF /build/poky/meta/conf/distro/defaultsetup.conf:3: including conf/distro/include/default-distrovars.inc
DEBUG: CONF /build/poky/meta/conf/distro/defaultsetup.conf:4: including conf/distro/include/world-broken.inc
DEBUG: CONF /build/poky/meta/conf/distro/defaultsetup.conf:7: including conf/distro/include/tcmode-default.inc
DEBUG: CONF /build/poky/meta/conf/distro/include/tcmode-default.inc:71: including conf/distro/include/as-needed.inc
DEBUG: CONF /build/poky/meta/conf/distro/defaultsetup.conf:10: including conf/distro/include/tclibc-glibc.inc
DEBUG: CONF /build/poky/meta/conf/distro/defaultsetup.conf:12: including conf/distro/include/uninative-flags.inc
DEBUG: CONF /build/poky/meta/conf/bitbake.conf:750: including conf/documentation.conf
DEBUG: CONF /build/poky/meta/conf/bitbake.conf:751: including conf/licenses.conf
DEBUG: CONF /build/poky/meta/conf/bitbake.conf:752: including conf/sanity.conf
DEBUG: Inheriting /build/poky/meta/classes/base.bbclass (from configuration INHERITs:0)
DEBUG: Inheriting /build/poky/meta/classes/patch.bbclass (from /build/poky/meta/classes/base.bbclass:4)
DEBUG: Inheriting /build/poky/meta/classes/terminal.bbclass (from /build/poky/meta/classes/patch.bbclass:11)
DEBUG: Inheriting /build/poky/meta/classes/staging.bbclass (from /build/poky/meta/classes/base.bbclass:5)
DEBUG: Inheriting /build/poky/meta/classes/mirrors.bbclass (from /build/poky/meta/classes/base.bbclass:7)
DEBUG: Inheriting /build/poky/meta/classes/utils.bbclass (from /build/poky/meta/classes/base.bbclass:8)
DEBUG: Inheriting /build/poky/meta/classes/utility-tasks.bbclass (from /build/poky/meta/classes/base.bbclass:9)
DEBUG: Inheriting /build/poky/meta/classes/metadata_scm.bbclass (from /build/poky/meta/classes/base.bbclass:10)
DEBUG: Inheriting /build/poky/meta/classes/logging.bbclass (from /build/poky/meta/classes/base.bbclass:11)
DEBUG: Inheriting /build/poky/meta/classes/own-mirrors.bbclass (from configuration INHERITs:0)
DEBUG: Inheriting /build/poky/meta-poky/classes/poky-sanity.bbclass (from configuration INHERITs:0)
DEBUG: Inheriting /build/poky/meta/classes/uninative.bbclass (from configuration INHERITs:0)
DEBUG: Inheriting /build/poky/meta/classes/buildhistory.bbclass (from configuration INHERITs:0)
DEBUG: Inheriting /build/poky/meta/classes/package_rpm.bbclass (from configuration INHERITs:0)
DEBUG: Inheriting /build/poky/meta/classes/package.bbclass (from /build/poky/meta/classes/package_rpm.bbclass:1)
DEBUG: Inheriting /build/poky/meta/classes/packagedata.bbclass (from /build/poky/meta/classes/package.bbclass:41)
DEBUG: Inheriting /build/poky/meta/classes/chrpath.bbclass (from /build/poky/meta/classes/package.bbclass:42)
DEBUG: Inheriting /build/poky/meta/classes/insane.bbclass (from /build/poky/meta/classes/package.bbclass:45)
DEBUG: Inheriting /build/poky/meta/classes/buildstats.bbclass (from configuration INHERITs:0)
DEBUG: Inheriting /build/poky/meta/classes/image-mklibs.bbclass (from configuration INHERITs:0)
DEBUG: Inheriting /build/poky/meta/classes/linuxloader.bbclass (from /build/poky/meta/classes/image-mklibs.bbclass:5)
DEBUG: Inheriting /build/poky/meta/classes/image-prelink.bbclass (from configuration INHERITs:0)
DEBUG: Inheriting /build/poky/meta/classes/debian.bbclass (from configuration INHERITs:0)
DEBUG: Inheriting /build/poky/meta/classes/devshell.bbclass (from configuration INHERITs:0)
DEBUG: Inheriting /build/poky/meta/classes/sstate.bbclass (from configuration INHERITs:0)
DEBUG: Inheriting /build/poky/meta/classes/license.bbclass (from configuration INHERITs:0)
DEBUG: Inheriting /build/poky/meta/classes/remove-libtool.bbclass (from configuration INHERITs:0)
DEBUG: Inheriting /build/poky/meta/classes/blacklist.bbclass (from configuration INHERITs:0)
DEBUG: Inheriting /build/poky/meta/classes/sanity.bbclass (from configuration INHERITs:0)
Accepting [<socket.socket fd=8, family=AddressFamily.AF_UNIX, type=SocketType.SOCK_STREAM, proto=0, laddr=bitbake.sock>]
DEBUG: Clearing SRCREV cache due to cache policy of: clear
DEBUG: Using cache in '/build/cache/local_file_checksum_cache.dat'
Connecting Client
DEBUG: Using cache in '/build/cache/bb_codeparser.dat'
DEBUG: Enabling uninative
Running command ['setFeatures', [2]]
Running command ['updateConfig', {'prefile': [], 'dry_run': False, 'abort': True, 'profile': False, 'invalidate_stamp': None, 'debug_domains': [], 'postfile': [], 'force': False, 'dump_signatures': [], 'extra_assume_provided': [], 'debug': 0, 'server_timeout': None, 'verbose': False}, {'BUILDDIR': '/build', 'LS_COLORS': 'rs=0:di=01;34:ln=01;36:mh=00:pi=40;33:so=01;35:do=01;35:bd=40;33;01:cd=40;33;01:or=40;31;01:su=37;41:sg=30;43:ca=30;41:tw=30;42:ow=34;42:st=37;44:ex=01;32:*.tar=01;31:*.tgz=01;31:*.arc=01;31:*.arj=01;31:*.taz=01;31:*.lha=01;31:*.lz4=01;31:*.lzh=01;31:*.lzma=01;31:*.tlz=01;31:*.txz=01;31:*.tzo=01;31:*.t7z=01;31:*.zip=01;31:*.z=01;31:*.Z=01;31:*.dz=01;31:*.gz=01;31:*.lrz=01;31:*.lz=01;31:*.lzo=01;31:*.xz=01;31:*.bz2=01;31:*.bz=01;31:*.tbz=01;31:*.tbz2=01;31:*.tz=01;31:*.deb=01;31:*.rpm=01;31:*.jar=01;31:*.war=01;31:*.ear=01;31:*.sar=01;31:*.rar=01;31:*.alz=01;31:*.ace=01;31:*.zoo=01;31:*.cpio=01;31:*.7z=01;31:*.rz=01;31:*.cab=01;31:*.jpg=01;35:*.jpeg=01;35:*.gif=01;35:*.bmp=01;35:*.pbm=01;35:*.pgm=01;35:*.ppm=01;35:*.tga=01;35:*.xbm=01;35:*.xpm=01;35:*.tif=01;35:*.tiff=01;35:*.png=01;35:*.svg=01;35:*.svgz=01;35:*.mng=01;35:*.pcx=01;35:*.mov=01;35:*.mpg=01;35:*.mpeg=01;35:*.m2v=01;35:*.mkv=01;35:*.webm=01;35:*.ogm=01;35:*.mp4=01;35:*.m4v=01;35:*.mp4v=01;35:*.vob=01;35:*.qt=01;35:*.nuv=01;35:*.wmv=01;35:*.asf=01;35:*.rm=01;35:*.rmvb=01;35:*.flc=01;35:*.avi=01;35:*.fli=01;35:*.flv=01;35:*.gl=01;35:*.dl=01;35:*.xcf=01;35:*.xwd=01;35:*.yuv=01;35:*.cgm=01;35:*.emf=01;35:*.axv=01;35:*.anx=01;35:*.ogv=01;35:*.ogx=01;35:*.aac=00;36:*.au=00;36:*.flac=00;36:*.m4a=00;36:*.mid=00;36:*.midi=00;36:*.mka=00;36:*.mp3=00;36:*.mpc=00;36:*.ogg=00;36:*.ra=00;36:*.wav=00;36:*.axa=00;36:*.oga=00;36:*.spx=00;36:*.xspf=00;36:', 'LANG': 'C.UTF-8', 'OLDPWD': '/build/meta-xa-golang/recipes-golang', 'HOME': '/home/minion', 'PATH': '/build/poky/scripts:/build/poky/bitbake/bin:/usr/local/bin:/usr/bin:/bin:/usr/local/games:/usr/games', 'LC_ALL': 'en_US.UTF-8', '_': '/build/poky/bitbake/bin/bitbake', 'PWD': '/build/meta-xa-golang/recipes-golang/github.com-kr', 'LANGUAGE': 'en_US:en', 'MACHINE': 'transferpc', 'SHLVL': '1', 'BB_ENV_EXTRAWHITE': 'ALL_PROXY BBPATH_EXTRA BB_NO_NETWORK BB_NUMBER_THREADS BB_SETSCENE_ENFORCE BB_SRCREV_POLICY DISTRO FTPS_PROXY FTP_PROXY GIT_PROXY_COMMAND HTTPS_PROXY HTTP_PROXY MACHINE NO_PROXY PARALLEL_MAKE SCREENDIR SDKMACHINE SOCKS5_PASSWD SOCKS5_USER SSH_AGENT_PID SSH_AUTH_SOCK STAMPS_DIR TCLIBC TCMODE all_proxy ftp_proxy ftps_proxy http_proxy https_proxy no_proxy ', 'TERM': 'xterm', 'HOSTNAME': '4b166cfd8ffb', 'BBPATH': '/build'}, ['/build/poky/bitbake/bin/bitbake', 'github.com-kr-pty']]
Running command ['getVariable', 'BBINCLUDELOGS']
Running command ['getVariable', 'BBINCLUDELOGS_LINES']
Running command ['getSetVariable', 'BB_CONSOLELOG']
Running command ['getUIHandlerNum']
Running command ['setEventMask', 1, 20, {}, ['bb.runqueue.runQueueExitWait', 'bb.event.LogExecTTY', 'logging.LogRecord', 'bb.build.TaskFailed', 'bb.build.TaskBase', 'bb.event.ParseStarted', 'bb.event.ParseProgress', 'bb.event.ParseCompleted', 'bb.event.CacheLoadStarted', 'bb.event.CacheLoadProgress', 'bb.event.CacheLoadCompleted', 'bb.command.CommandFailed', 'bb.command.CommandExit', 'bb.command.CommandCompleted', 'bb.cooker.CookerExit', 'bb.event.MultipleProviders', 'bb.event.NoProvider', 'bb.runqueue.sceneQueueTaskStarted', 'bb.runqueue.runQueueTaskStarted', 'bb.runqueue.runQueueTaskFailed', 'bb.runqueue.sceneQueueTaskFailed', 'bb.event.BuildBase', 'bb.build.TaskStarted', 'bb.build.TaskSucceeded', 'bb.build.TaskFailedSilent', 'bb.build.TaskProgress', 'bb.event.ProcessStarted', 'bb.event.ProcessProgress', 'bb.event.ProcessFinished']]
Running command ['getVariable', 'BB_DEFAULT_TASK']
Running command ['setConfig', 'cmd', 'build']
Running command ['buildTargets', ['github.com-kr-pty'], 'build']
Connecting Client
Disconnecting Client
No timeout, exiting.
Exiting
--- Starting bitbake server pid 75783 at 2018-08-13 18:28:57.930281 ---
Started bitbake server pid 75783
DEBUG: Found bblayers.conf (/build/conf/bblayers.conf)
DEBUG: Adding layer /build/poky/meta
DEBUG: Adding layer /build/poky/meta-poky
DEBUG: Adding layer /build/poky/meta-yocto-bsp
DEBUG: Adding layer /extsrc/meta-caiman-intel
DEBUG: Adding layer /extsrc/meta-caiman
DEBUG: Adding layer /build/meta-xa-golang
DEBUG: Adding layer /build/meta-intel
DEBUG: CONF /build/meta-intel/conf/layer.conf:24: including /build/meta-intel/conf/include/maintainers.inc
DEBUG: Adding layer /build/meta-openembedded/meta-networking
DEBUG: Adding layer /build/meta-openembedded/meta-filesystems
DEBUG: Adding layer /build/meta-openembedded/meta-python
DEBUG: Adding layer /build/meta-openembedded/meta-oe
DEBUG: CONF /build/poky/meta/conf/bitbake.conf:741: including conf/abi_version.conf
DEBUG: CONF /build/poky/meta/conf/bitbake.conf:742: including conf/site.conf
DEBUG: CONF file 'conf/site.conf' not found
DEBUG: CONF /build/poky/meta/conf/bitbake.conf:743: including conf/auto.conf
DEBUG: CONF file 'conf/auto.conf' not found
DEBUG: CONF /build/poky/meta/conf/bitbake.conf:744: including conf/local.conf
Entering server connection loop
DEBUG: CONF /build/poky/meta/conf/bitbake.conf:745: including conf/multiconfig/default.conf
DEBUG: CONF /build/poky/meta/conf/bitbake.conf:746: including conf/machine/transferpc.conf
DEBUG: CONF /extsrc/meta-caiman-intel/conf/machine/transferpc.conf:6: including conf/machine/intel-corei7-64.conf
DEBUG: CONF /build/meta-intel/conf/machine/intel-corei7-64.conf:6: including conf/machine/include/meta-intel.inc
DEBUG: CONF /build/meta-intel/conf/machine/include/meta-intel.inc:50: including conf/machine/include/qemuboot-intel.inc
DEBUG: CONF /build/meta-intel/conf/machine/include/meta-intel.inc:54: including conf/machine/include/qemu-intel.inc
DEBUG: CONF /build/meta-intel/conf/machine/intel-corei7-64.conf:7: including conf/machine/include/intel-corei7-64-common.inc
DEBUG: CONF /build/meta-intel/conf/machine/include/intel-corei7-64-common.inc:6: including conf/machine/include/tune-corei7.inc
DEBUG: CONF /build/poky/meta/conf/machine/include/tune-corei7.inc:12: including conf/machine/include/tune-core2.inc
DEBUG: CONF /build/poky/meta/conf/machine/include/tune-core2.inc:15: including conf/machine/include/tune-i586.inc
DEBUG: CONF /build/poky/meta/conf/machine/include/tune-i586.inc:3: including conf/machine/include/x86/arch-x86.inc
DEBUG: CONF /build/meta-intel/conf/machine/include/intel-corei7-64-common.inc:7: including conf/machine/include/x86-base.inc
DEBUG: CONF /build/meta-intel/conf/machine/intel-corei7-64.conf:8: including conf/machine/include/intel-common-pkgarch.inc
DEBUG: CONF /build/poky/meta/conf/bitbake.conf:747: including conf/machine-sdk/x86_64.conf
DEBUG: CONF /build/poky/meta/conf/bitbake.conf:748: including conf/distro/gatoregg.conf
DEBUG: CONF /extsrc/meta-caiman/conf/distro/gatoregg.conf:1: including conf/distro/poky.conf
DEBUG: CONF /build/poky/meta-poky/conf/distro/poky.conf:101: including conf/distro/include/poky-world-exclude.inc
DEBUG: CONF /build/poky/meta-poky/conf/distro/poky.conf:102: including conf/distro/include/no-static-libs.inc
DEBUG: CONF /build/poky/meta-poky/conf/distro/poky.conf:103: including conf/distro/include/yocto-uninative.inc
DEBUG: CONF /build/poky/meta/conf/bitbake.conf:749: including conf/distro/defaultsetup.conf
DEBUG: CONF /build/poky/meta/conf/distro/defaultsetup.conf:1: including conf/distro/include/default-providers.inc
DEBUG: CONF /build/poky/meta/conf/distro/defaultsetup.conf:2: including conf/distro/include/default-versions.inc
DEBUG: CONF /build/poky/meta/conf/distro/defaultsetup.conf:3: including conf/distro/include/default-distrovars.inc
DEBUG: CONF /build/poky/meta/conf/distro/defaultsetup.conf:4: including conf/distro/include/world-broken.inc
DEBUG: CONF /build/poky/meta/conf/distro/defaultsetup.conf:7: including conf/distro/include/tcmode-default.inc
DEBUG: CONF /build/poky/meta/conf/distro/include/tcmode-default.inc:71: including conf/distro/include/as-needed.inc
DEBUG: CONF /build/poky/meta/conf/distro/defaultsetup.conf:10: including conf/distro/include/tclibc-glibc.inc
DEBUG: CONF /build/poky/meta/conf/distro/defaultsetup.conf:12: including conf/distro/include/uninative-flags.inc
DEBUG: CONF /build/poky/meta/conf/bitbake.conf:750: including conf/documentation.conf
DEBUG: CONF /build/poky/meta/conf/bitbake.conf:751: including conf/licenses.conf
DEBUG: CONF /build/poky/meta/conf/bitbake.conf:752: including conf/sanity.conf
DEBUG: Inheriting /build/poky/meta/classes/base.bbclass (from configuration INHERITs:0)
DEBUG: Inheriting /build/poky/meta/classes/patch.bbclass (from /build/poky/meta/classes/base.bbclass:4)
DEBUG: Inheriting /build/poky/meta/classes/terminal.bbclass (from /build/poky/meta/classes/patch.bbclass:11)
DEBUG: Inheriting /build/poky/meta/classes/staging.bbclass (from /build/poky/meta/classes/base.bbclass:5)
DEBUG: Inheriting /build/poky/meta/classes/mirrors.bbclass (from /build/poky/meta/classes/base.bbclass:7)
DEBUG: Inheriting /build/poky/meta/classes/utils.bbclass (from /build/poky/meta/classes/base.bbclass:8)
DEBUG: Inheriting /build/poky/meta/classes/utility-tasks.bbclass (from /build/poky/meta/classes/base.bbclass:9)
DEBUG: Inheriting /build/poky/meta/classes/metadata_scm.bbclass (from /build/poky/meta/classes/base.bbclass:10)
DEBUG: Inheriting /build/poky/meta/classes/logging.bbclass (from /build/poky/meta/classes/base.bbclass:11)
DEBUG: Inheriting /build/poky/meta/classes/own-mirrors.bbclass (from configuration INHERITs:0)
DEBUG: Inheriting /build/poky/meta-poky/classes/poky-sanity.bbclass (from configuration INHERITs:0)
DEBUG: Inheriting /build/poky/meta/classes/uninative.bbclass (from configuration INHERITs:0)
DEBUG: Inheriting /build/poky/meta/classes/buildhistory.bbclass (from configuration INHERITs:0)
DEBUG: Inheriting /build/poky/meta/classes/package_rpm.bbclass (from configuration INHERITs:0)
DEBUG: Inheriting /build/poky/meta/classes/package.bbclass (from /build/poky/meta/classes/package_rpm.bbclass:1)
DEBUG: Inheriting /build/poky/meta/classes/packagedata.bbclass (from /build/poky/meta/classes/package.bbclass:41)
DEBUG: Inheriting /build/poky/meta/classes/chrpath.bbclass (from /build/poky/meta/classes/package.bbclass:42)
DEBUG: Inheriting /build/poky/meta/classes/insane.bbclass (from /build/poky/meta/classes/package.bbclass:45)
DEBUG: Inheriting /build/poky/meta/classes/buildstats.bbclass (from configuration INHERITs:0)
DEBUG: Inheriting /build/poky/meta/classes/image-mklibs.bbclass (from configuration INHERITs:0)
DEBUG: Inheriting /build/poky/meta/classes/linuxloader.bbclass (from /build/poky/meta/classes/image-mklibs.bbclass:5)
DEBUG: Inheriting /build/poky/meta/classes/image-prelink.bbclass (from configuration INHERITs:0)
DEBUG: Inheriting /build/poky/meta/classes/debian.bbclass (from configuration INHERITs:0)
DEBUG: Inheriting /build/poky/meta/classes/devshell.bbclass (from configuration INHERITs:0)
DEBUG: Inheriting /build/poky/meta/classes/sstate.bbclass (from configuration INHERITs:0)
DEBUG: Inheriting /build/poky/meta/classes/license.bbclass (from configuration INHERITs:0)
DEBUG: Inheriting /build/poky/meta/classes/remove-libtool.bbclass (from configuration INHERITs:0)
DEBUG: Inheriting /build/poky/meta/classes/blacklist.bbclass (from configuration INHERITs:0)
DEBUG: Inheriting /build/poky/meta/classes/sanity.bbclass (from configuration INHERITs:0)
DEBUG: Clearing SRCREV cache due to cache policy of: clear
DEBUG: Using cache in '/build/cache/local_file_checksum_cache.dat'
DEBUG: Using cache in '/build/cache/bb_codeparser.dat'
Accepting [<socket.socket fd=8, family=AddressFamily.AF_UNIX, type=SocketType.SOCK_STREAM, proto=0, laddr=bitbake.sock>]
DEBUG: Enabling uninative
Connecting Client
Running command ['setFeatures', [2]]
Running command ['updateConfig', {'invalidate_stamp': None, 'profile': False, 'server_timeout': None, 'dry_run': False, 'verbose': False, 'abort': True, 'debug': 0, 'force': False, 'prefile': [], 'postfile': [], 'debug_domains': [], 'extra_assume_provided': [], 'dump_signatures': []}, {'HOSTNAME': '4b166cfd8ffb', 'SHLVL': '1', 'HOME': '/home/minion', 'LC_ALL': 'en_US.UTF-8', 'BUILDDIR': '/build', 'PWD': '/build/meta-xa-golang/recipes-golang/github.com-kr', 'LANG': 'C.UTF-8', 'OLDPWD': '/build/meta-xa-golang/recipes-golang', 'MACHINE': 'transferpc', 'BBPATH': '/build', 'BB_ENV_EXTRAWHITE': 'ALL_PROXY BBPATH_EXTRA BB_NO_NETWORK BB_NUMBER_THREADS BB_SETSCENE_ENFORCE BB_SRCREV_POLICY DISTRO FTPS_PROXY FTP_PROXY GIT_PROXY_COMMAND HTTPS_PROXY HTTP_PROXY MACHINE NO_PROXY PARALLEL_MAKE SCREENDIR SDKMACHINE SOCKS5_PASSWD SOCKS5_USER SSH_AGENT_PID SSH_AUTH_SOCK STAMPS_DIR TCLIBC TCMODE all_proxy ftp_proxy ftps_proxy http_proxy https_proxy no_proxy ', 'LANGUAGE': 'en_US:en', 'LS_COLORS': 'rs=0:di=01;34:ln=01;36:mh=00:pi=40;33:so=01;35:do=01;35:bd=40;33;01:cd=40;33;01:or=40;31;01:su=37;41:sg=30;43:ca=30;41:tw=30;42:ow=34;42:st=37;44:ex=01;32:*.tar=01;31:*.tgz=01;31:*.arc=01;31:*.arj=01;31:*.taz=01;31:*.lha=01;31:*.lz4=01;31:*.lzh=01;31:*.lzma=01;31:*.tlz=01;31:*.txz=01;31:*.tzo=01;31:*.t7z=01;31:*.zip=01;31:*.z=01;31:*.Z=01;31:*.dz=01;31:*.gz=01;31:*.lrz=01;31:*.lz=01;31:*.lzo=01;31:*.xz=01;31:*.bz2=01;31:*.bz=01;31:*.tbz=01;31:*.tbz2=01;31:*.tz=01;31:*.deb=01;31:*.rpm=01;31:*.jar=01;31:*.war=01;31:*.ear=01;31:*.sar=01;31:*.rar=01;31:*.alz=01;31:*.ace=01;31:*.zoo=01;31:*.cpio=01;31:*.7z=01;31:*.rz=01;31:*.cab=01;31:*.jpg=01;35:*.jpeg=01;35:*.gif=01;35:*.bmp=01;35:*.pbm=01;35:*.pgm=01;35:*.ppm=01;35:*.tga=01;35:*.xbm=01;35:*.xpm=01;35:*.tif=01;35:*.tiff=01;35:*.png=01;35:*.svg=01;35:*.svgz=01;35:*.mng=01;35:*.pcx=01;35:*.mov=01;35:*.mpg=01;35:*.mpeg=01;35:*.m2v=01;35:*.mkv=01;35:*.webm=01;35:*.ogm=01;35:*.mp4=01;35:*.m4v=01;35:*.mp4v=01;35:*.vob=01;35:*.qt=01;35:*.nuv=01;35:*.wmv=01;35:*.asf=01;35:*.rm=01;35:*.rmvb=01;35:*.flc=01;35:*.avi=01;35:*.fli=01;35:*.flv=01;35:*.gl=01;35:*.dl=01;35:*.xcf=01;35:*.xwd=01;35:*.yuv=01;35:*.cgm=01;35:*.emf=01;35:*.axv=01;35:*.anx=01;35:*.ogv=01;35:*.ogx=01;35:*.aac=00;36:*.au=00;36:*.flac=00;36:*.m4a=00;36:*.mid=00;36:*.midi=00;36:*.mka=00;36:*.mp3=00;36:*.mpc=00;36:*.ogg=00;36:*.ra=00;36:*.wav=00;36:*.axa=00;36:*.oga=00;36:*.spx=00;36:*.xspf=00;36:', 'TERM': 'xterm', '_': '/build/poky/bitbake/bin/bitbake', 'PATH': '/build/poky/scripts:/build/poky/bitbake/bin:/usr/local/bin:/usr/bin:/bin:/usr/local/games:/usr/games'}, ['/build/poky/bitbake/bin/bitbake', 'github.com-kr-pty']]
Running command ['getVariable', 'BBINCLUDELOGS']
Running command ['getVariable', 'BBINCLUDELOGS_LINES']
Running command ['getSetVariable', 'BB_CONSOLELOG']
Running command ['getUIHandlerNum']
Running command ['setEventMask', 1, 20, {}, ['bb.runqueue.runQueueExitWait', 'bb.event.LogExecTTY', 'logging.LogRecord', 'bb.build.TaskFailed', 'bb.build.TaskBase', 'bb.event.ParseStarted', 'bb.event.ParseProgress', 'bb.event.ParseCompleted', 'bb.event.CacheLoadStarted', 'bb.event.CacheLoadProgress', 'bb.event.CacheLoadCompleted', 'bb.command.CommandFailed', 'bb.command.CommandExit', 'bb.command.CommandCompleted', 'bb.cooker.CookerExit', 'bb.event.MultipleProviders', 'bb.event.NoProvider', 'bb.runqueue.sceneQueueTaskStarted', 'bb.runqueue.runQueueTaskStarted', 'bb.runqueue.runQueueTaskFailed', 'bb.runqueue.sceneQueueTaskFailed', 'bb.event.BuildBase', 'bb.build.TaskStarted', 'bb.build.TaskSucceeded', 'bb.build.TaskFailedSilent', 'bb.build.TaskProgress', 'bb.event.ProcessStarted', 'bb.event.ProcessProgress', 'bb.event.ProcessFinished']]
Running command ['getVariable', 'BB_DEFAULT_TASK']
Running command ['setConfig', 'cmd', 'build']
Running command ['buildTargets', ['github.com-kr-pty'], 'build']
Connecting Client
Disconnecting Client
No timeout, exiting.
Exiting
--- Starting bitbake server pid 76338 at 2018-08-13 18:29:31.880866 ---
Started bitbake server pid 76338
DEBUG: Found bblayers.conf (/build/conf/bblayers.conf)
DEBUG: Adding layer /build/poky/meta
DEBUG: Adding layer /build/poky/meta-poky
DEBUG: Adding layer /build/poky/meta-yocto-bsp
DEBUG: Adding layer /extsrc/meta-caiman-intel
DEBUG: Adding layer /extsrc/meta-caiman
DEBUG: Adding layer /build/meta-xa-golang
DEBUG: Adding layer /build/meta-intel
DEBUG: CONF /build/meta-intel/conf/layer.conf:24: including /build/meta-intel/conf/include/maintainers.inc
DEBUG: Adding layer /build/meta-openembedded/meta-networking
DEBUG: Adding layer /build/meta-openembedded/meta-filesystems
DEBUG: Adding layer /build/meta-openembedded/meta-python
DEBUG: Adding layer /build/meta-openembedded/meta-oe
DEBUG: CONF /build/poky/meta/conf/bitbake.conf:741: including conf/abi_version.conf
DEBUG: CONF /build/poky/meta/conf/bitbake.conf:742: including conf/site.conf
DEBUG: CONF file 'conf/site.conf' not found
DEBUG: CONF /build/poky/meta/conf/bitbake.conf:743: including conf/auto.conf
Entering server connection loop
DEBUG: CONF file 'conf/auto.conf' not found
DEBUG: CONF /build/poky/meta/conf/bitbake.conf:744: including conf/local.conf
DEBUG: CONF /build/poky/meta/conf/bitbake.conf:745: including conf/multiconfig/default.conf
DEBUG: CONF /build/poky/meta/conf/bitbake.conf:746: including conf/machine/transferpc.conf
DEBUG: CONF /extsrc/meta-caiman-intel/conf/machine/transferpc.conf:6: including conf/machine/intel-corei7-64.conf
DEBUG: CONF /build/meta-intel/conf/machine/intel-corei7-64.conf:6: including conf/machine/include/meta-intel.inc
DEBUG: CONF /build/meta-intel/conf/machine/include/meta-intel.inc:50: including conf/machine/include/qemuboot-intel.inc
DEBUG: CONF /build/meta-intel/conf/machine/include/meta-intel.inc:54: including conf/machine/include/qemu-intel.inc
DEBUG: CONF /build/meta-intel/conf/machine/intel-corei7-64.conf:7: including conf/machine/include/intel-corei7-64-common.inc
DEBUG: CONF /build/meta-intel/conf/machine/include/intel-corei7-64-common.inc:6: including conf/machine/include/tune-corei7.inc
DEBUG: CONF /build/poky/meta/conf/machine/include/tune-corei7.inc:12: including conf/machine/include/tune-core2.inc
DEBUG: CONF /build/poky/meta/conf/machine/include/tune-core2.inc:15: including conf/machine/include/tune-i586.inc
DEBUG: CONF /build/poky/meta/conf/machine/include/tune-i586.inc:3: including conf/machine/include/x86/arch-x86.inc
DEBUG: CONF /build/meta-intel/conf/machine/include/intel-corei7-64-common.inc:7: including conf/machine/include/x86-base.inc
DEBUG: CONF /build/meta-intel/conf/machine/intel-corei7-64.conf:8: including conf/machine/include/intel-common-pkgarch.inc
DEBUG: CONF /build/poky/meta/conf/bitbake.conf:747: including conf/machine-sdk/x86_64.conf
DEBUG: CONF /build/poky/meta/conf/bitbake.conf:748: including conf/distro/gatoregg.conf
DEBUG: CONF /extsrc/meta-caiman/conf/distro/gatoregg.conf:1: including conf/distro/poky.conf
DEBUG: CONF /build/poky/meta-poky/conf/distro/poky.conf:101: including conf/distro/include/poky-world-exclude.inc
DEBUG: CONF /build/poky/meta-poky/conf/distro/poky.conf:102: including conf/distro/include/no-static-libs.inc
DEBUG: CONF /build/poky/meta-poky/conf/distro/poky.conf:103: including conf/distro/include/yocto-uninative.inc
DEBUG: CONF /build/poky/meta/conf/bitbake.conf:749: including conf/distro/defaultsetup.conf
DEBUG: CONF /build/poky/meta/conf/distro/defaultsetup.conf:1: including conf/distro/include/default-providers.inc
DEBUG: CONF /build/poky/meta/conf/distro/defaultsetup.conf:2: including conf/distro/include/default-versions.inc
DEBUG: CONF /build/poky/meta/conf/distro/defaultsetup.conf:3: including conf/distro/include/default-distrovars.inc
DEBUG: CONF /build/poky/meta/conf/distro/defaultsetup.conf:4: including conf/distro/include/world-broken.inc
DEBUG: CONF /build/poky/meta/conf/distro/defaultsetup.conf:7: including conf/distro/include/tcmode-default.inc
DEBUG: CONF /build/poky/meta/conf/distro/include/tcmode-default.inc:71: including conf/distro/include/as-needed.inc
DEBUG: CONF /build/poky/meta/conf/distro/defaultsetup.conf:10: including conf/distro/include/tclibc-glibc.inc
DEBUG: CONF /build/poky/meta/conf/distro/defaultsetup.conf:12: including conf/distro/include/uninative-flags.inc
DEBUG: CONF /build/poky/meta/conf/bitbake.conf:750: including conf/documentation.conf
DEBUG: CONF /build/poky/meta/conf/bitbake.conf:751: including conf/licenses.conf
DEBUG: CONF /build/poky/meta/conf/bitbake.conf:752: including conf/sanity.conf
DEBUG: Inheriting /build/poky/meta/classes/base.bbclass (from configuration INHERITs:0)
DEBUG: Inheriting /build/poky/meta/classes/patch.bbclass (from /build/poky/meta/classes/base.bbclass:4)
DEBUG: Inheriting /build/poky/meta/classes/terminal.bbclass (from /build/poky/meta/classes/patch.bbclass:11)
DEBUG: Inheriting /build/poky/meta/classes/staging.bbclass (from /build/poky/meta/classes/base.bbclass:5)
DEBUG: Inheriting /build/poky/meta/classes/mirrors.bbclass (from /build/poky/meta/classes/base.bbclass:7)
DEBUG: Inheriting /build/poky/meta/classes/utils.bbclass (from /build/poky/meta/classes/base.bbclass:8)
DEBUG: Inheriting /build/poky/meta/classes/utility-tasks.bbclass (from /build/poky/meta/classes/base.bbclass:9)
DEBUG: Inheriting /build/poky/meta/classes/metadata_scm.bbclass (from /build/poky/meta/classes/base.bbclass:10)
DEBUG: Inheriting /build/poky/meta/classes/logging.bbclass (from /build/poky/meta/classes/base.bbclass:11)
DEBUG: Inheriting /build/poky/meta/classes/own-mirrors.bbclass (from configuration INHERITs:0)
DEBUG: Inheriting /build/poky/meta-poky/classes/poky-sanity.bbclass (from configuration INHERITs:0)
DEBUG: Inheriting /build/poky/meta/classes/uninative.bbclass (from configuration INHERITs:0)
DEBUG: Inheriting /build/poky/meta/classes/buildhistory.bbclass (from configuration INHERITs:0)
DEBUG: Inheriting /build/poky/meta/classes/package_rpm.bbclass (from configuration INHERITs:0)
DEBUG: Inheriting /build/poky/meta/classes/package.bbclass (from /build/poky/meta/classes/package_rpm.bbclass:1)
DEBUG: Inheriting /build/poky/meta/classes/packagedata.bbclass (from /build/poky/meta/classes/package.bbclass:41)
DEBUG: Inheriting /build/poky/meta/classes/chrpath.bbclass (from /build/poky/meta/classes/package.bbclass:42)
DEBUG: Inheriting /build/poky/meta/classes/insane.bbclass (from /build/poky/meta/classes/package.bbclass:45)
DEBUG: Inheriting /build/poky/meta/classes/buildstats.bbclass (from configuration INHERITs:0)
DEBUG: Inheriting /build/poky/meta/classes/image-mklibs.bbclass (from configuration INHERITs:0)
DEBUG: Inheriting /build/poky/meta/classes/linuxloader.bbclass (from /build/poky/meta/classes/image-mklibs.bbclass:5)
DEBUG: Inheriting /build/poky/meta/classes/image-prelink.bbclass (from configuration INHERITs:0)
DEBUG: Inheriting /build/poky/meta/classes/debian.bbclass (from configuration INHERITs:0)
DEBUG: Inheriting /build/poky/meta/classes/devshell.bbclass (from configuration INHERITs:0)
DEBUG: Inheriting /build/poky/meta/classes/sstate.bbclass (from configuration INHERITs:0)
DEBUG: Inheriting /build/poky/meta/classes/license.bbclass (from configuration INHERITs:0)
Accepting [<socket.socket fd=8, family=AddressFamily.AF_UNIX, type=SocketType.SOCK_STREAM, proto=0, laddr=bitbake.sock>]
DEBUG: Inheriting /build/poky/meta/classes/remove-libtool.bbclass (from configuration INHERITs:0)
DEBUG: Inheriting /build/poky/meta/classes/blacklist.bbclass (from configuration INHERITs:0)
Connecting Client
DEBUG: Inheriting /build/poky/meta/classes/sanity.bbclass (from configuration INHERITs:0)
DEBUG: Clearing SRCREV cache due to cache policy of: clear
DEBUG: Using cache in '/build/cache/local_file_checksum_cache.dat'
DEBUG: Using cache in '/build/cache/bb_codeparser.dat'
DEBUG: Enabling uninative
Running command ['setFeatures', [2]]
Running command ['updateConfig', {'debug': 0, 'profile': False, 'dry_run': False, 'debug_domains': [], 'dump_signatures': [], 'abort': True, 'prefile': [], 'force': False, 'server_timeout': None, 'verbose': False, 'extra_assume_provided': [], 'invalidate_stamp': None, 'postfile': []}, {'HOSTNAME': '4b166cfd8ffb', 'BBPATH': '/build', 'BUILDDIR': '/build', 'LANG': 'C.UTF-8', 'PATH': '/build/poky/scripts:/build/poky/bitbake/bin:/usr/local/bin:/usr/bin:/bin:/usr/local/games:/usr/games', 'LC_ALL': 'en_US.UTF-8', 'OLDPWD': '/build/meta-xa-golang/recipes-golang', 'HOME': '/home/minion', 'LANGUAGE': 'en_US:en', 'TERM': 'xterm', 'SHLVL': '1', 'BB_ENV_EXTRAWHITE': 'ALL_PROXY BBPATH_EXTRA BB_NO_NETWORK BB_NUMBER_THREADS BB_SETSCENE_ENFORCE BB_SRCREV_POLICY DISTRO FTPS_PROXY FTP_PROXY GIT_PROXY_COMMAND HTTPS_PROXY HTTP_PROXY MACHINE NO_PROXY PARALLEL_MAKE SCREENDIR SDKMACHINE SOCKS5_PASSWD SOCKS5_USER SSH_AGENT_PID SSH_AUTH_SOCK STAMPS_DIR TCLIBC TCMODE all_proxy ftp_proxy ftps_proxy http_proxy https_proxy no_proxy ', 'LS_COLORS': 'rs=0:di=01;34:ln=01;36:mh=00:pi=40;33:so=01;35:do=01;35:bd=40;33;01:cd=40;33;01:or=40;31;01:su=37;41:sg=30;43:ca=30;41:tw=30;42:ow=34;42:st=37;44:ex=01;32:*.tar=01;31:*.tgz=01;31:*.arc=01;31:*.arj=01;31:*.taz=01;31:*.lha=01;31:*.lz4=01;31:*.lzh=01;31:*.lzma=01;31:*.tlz=01;31:*.txz=01;31:*.tzo=01;31:*.t7z=01;31:*.zip=01;31:*.z=01;31:*.Z=01;31:*.dz=01;31:*.gz=01;31:*.lrz=01;31:*.lz=01;31:*.lzo=01;31:*.xz=01;31:*.bz2=01;31:*.bz=01;31:*.tbz=01;31:*.tbz2=01;31:*.tz=01;31:*.deb=01;31:*.rpm=01;31:*.jar=01;31:*.war=01;31:*.ear=01;31:*.sar=01;31:*.rar=01;31:*.alz=01;31:*.ace=01;31:*.zoo=01;31:*.cpio=01;31:*.7z=01;31:*.rz=01;31:*.cab=01;31:*.jpg=01;35:*.jpeg=01;35:*.gif=01;35:*.bmp=01;35:*.pbm=01;35:*.pgm=01;35:*.ppm=01;35:*.tga=01;35:*.xbm=01;35:*.xpm=01;35:*.tif=01;35:*.tiff=01;35:*.png=01;35:*.svg=01;35:*.svgz=01;35:*.mng=01;35:*.pcx=01;35:*.mov=01;35:*.mpg=01;35:*.mpeg=01;35:*.m2v=01;35:*.mkv=01;35:*.webm=01;35:*.ogm=01;35:*.mp4=01;35:*.m4v=01;35:*.mp4v=01;35:*.vob=01;35:*.qt=01;35:*.nuv=01;35:*.wmv=01;35:*.asf=01;35:*.rm=01;35:*.rmvb=01;35:*.flc=01;35:*.avi=01;35:*.fli=01;35:*.flv=01;35:*.gl=01;35:*.dl=01;35:*.xcf=01;35:*.xwd=01;35:*.yuv=01;35:*.cgm=01;35:*.emf=01;35:*.axv=01;35:*.anx=01;35:*.ogv=01;35:*.ogx=01;35:*.aac=00;36:*.au=00;36:*.flac=00;36:*.m4a=00;36:*.mid=00;36:*.midi=00;36:*.mka=00;36:*.mp3=00;36:*.mpc=00;36:*.ogg=00;36:*.ra=00;36:*.wav=00;36:*.axa=00;36:*.oga=00;36:*.spx=00;36:*.xspf=00;36:', 'MACHINE': 'transferpc', 'PWD': '/build/meta-xa-golang/recipes-golang/github.com-kr', '_': '/build/poky/bitbake/bin/bitbake'}, ['/build/poky/bitbake/bin/bitbake', 'github.com-kr-text']]
Running command ['getVariable', 'BBINCLUDELOGS']
Running command ['getVariable', 'BBINCLUDELOGS_LINES']
Running command ['getSetVariable', 'BB_CONSOLELOG']
Running command ['getUIHandlerNum']
Running command ['setEventMask', 1, 20, {}, ['bb.runqueue.runQueueExitWait', 'bb.event.LogExecTTY', 'logging.LogRecord', 'bb.build.TaskFailed', 'bb.build.TaskBase', 'bb.event.ParseStarted', 'bb.event.ParseProgress', 'bb.event.ParseCompleted', 'bb.event.CacheLoadStarted', 'bb.event.CacheLoadProgress', 'bb.event.CacheLoadCompleted', 'bb.command.CommandFailed', 'bb.command.CommandExit', 'bb.command.CommandCompleted', 'bb.cooker.CookerExit', 'bb.event.MultipleProviders', 'bb.event.NoProvider', 'bb.runqueue.sceneQueueTaskStarted', 'bb.runqueue.runQueueTaskStarted', 'bb.runqueue.runQueueTaskFailed', 'bb.runqueue.sceneQueueTaskFailed', 'bb.event.BuildBase', 'bb.build.TaskStarted', 'bb.build.TaskSucceeded', 'bb.build.TaskFailedSilent', 'bb.build.TaskProgress', 'bb.event.ProcessStarted', 'bb.event.ProcessProgress', 'bb.event.ProcessFinished']]
Running command ['getVariable', 'BB_DEFAULT_TASK']
Running command ['setConfig', 'cmd', 'build']
Running command ['buildTargets', ['github.com-kr-text'], 'build']
Connecting Client
Disconnecting Client
No timeout, exiting.
Exiting
--- Starting bitbake server pid 77154 at 2018-08-13 18:29:51.119307 ---
Started bitbake server pid 77154
DEBUG: Found bblayers.conf (/build/conf/bblayers.conf)
DEBUG: Adding layer /build/poky/meta
DEBUG: Adding layer /build/poky/meta-poky
DEBUG: Adding layer /build/poky/meta-yocto-bsp
DEBUG: Adding layer /extsrc/meta-caiman-intel
DEBUG: Adding layer /extsrc/meta-caiman
DEBUG: Adding layer /build/meta-xa-golang
DEBUG: Adding layer /build/meta-intel
DEBUG: CONF /build/meta-intel/conf/layer.conf:24: including /build/meta-intel/conf/include/maintainers.inc
DEBUG: Adding layer /build/meta-openembedded/meta-networking
DEBUG: Adding layer /build/meta-openembedded/meta-filesystems
DEBUG: Adding layer /build/meta-openembedded/meta-python
DEBUG: Adding layer /build/meta-openembedded/meta-oe
DEBUG: CONF /build/poky/meta/conf/bitbake.conf:741: including conf/abi_version.conf
DEBUG: CONF /build/poky/meta/conf/bitbake.conf:742: including conf/site.conf
DEBUG: CONF file 'conf/site.conf' not found
Entering server connection loop
DEBUG: CONF /build/poky/meta/conf/bitbake.conf:743: including conf/auto.conf
DEBUG: CONF file 'conf/auto.conf' not found
DEBUG: CONF /build/poky/meta/conf/bitbake.conf:744: including conf/local.conf
DEBUG: CONF /build/poky/meta/conf/bitbake.conf:745: including conf/multiconfig/default.conf
DEBUG: CONF /build/poky/meta/conf/bitbake.conf:746: including conf/machine/transferpc.conf
DEBUG: CONF /extsrc/meta-caiman-intel/conf/machine/transferpc.conf:6: including conf/machine/intel-corei7-64.conf
DEBUG: CONF /build/meta-intel/conf/machine/intel-corei7-64.conf:6: including conf/machine/include/meta-intel.inc
DEBUG: CONF /build/meta-intel/conf/machine/include/meta-intel.inc:50: including conf/machine/include/qemuboot-intel.inc
DEBUG: CONF /build/meta-intel/conf/machine/include/meta-intel.inc:54: including conf/machine/include/qemu-intel.inc
DEBUG: CONF /build/meta-intel/conf/machine/intel-corei7-64.conf:7: including conf/machine/include/intel-corei7-64-common.inc
DEBUG: CONF /build/meta-intel/conf/machine/include/intel-corei7-64-common.inc:6: including conf/machine/include/tune-corei7.inc
DEBUG: CONF /build/poky/meta/conf/machine/include/tune-corei7.inc:12: including conf/machine/include/tune-core2.inc
DEBUG: CONF /build/poky/meta/conf/machine/include/tune-core2.inc:15: including conf/machine/include/tune-i586.inc
DEBUG: CONF /build/poky/meta/conf/machine/include/tune-i586.inc:3: including conf/machine/include/x86/arch-x86.inc
DEBUG: CONF /build/meta-intel/conf/machine/include/intel-corei7-64-common.inc:7: including conf/machine/include/x86-base.inc
DEBUG: CONF /build/meta-intel/conf/machine/intel-corei7-64.conf:8: including conf/machine/include/intel-common-pkgarch.inc
DEBUG: CONF /build/poky/meta/conf/bitbake.conf:747: including conf/machine-sdk/x86_64.conf
DEBUG: CONF /build/poky/meta/conf/bitbake.conf:748: including conf/distro/gatoregg.conf
DEBUG: CONF /extsrc/meta-caiman/conf/distro/gatoregg.conf:1: including conf/distro/poky.conf
DEBUG: CONF /build/poky/meta-poky/conf/distro/poky.conf:101: including conf/distro/include/poky-world-exclude.inc
DEBUG: CONF /build/poky/meta-poky/conf/distro/poky.conf:102: including conf/distro/include/no-static-libs.inc
DEBUG: CONF /build/poky/meta-poky/conf/distro/poky.conf:103: including conf/distro/include/yocto-uninative.inc
DEBUG: CONF /build/poky/meta/conf/bitbake.conf:749: including conf/distro/defaultsetup.conf
DEBUG: CONF /build/poky/meta/conf/distro/defaultsetup.conf:1: including conf/distro/include/default-providers.inc
DEBUG: CONF /build/poky/meta/conf/distro/defaultsetup.conf:2: including conf/distro/include/default-versions.inc
DEBUG: CONF /build/poky/meta/conf/distro/defaultsetup.conf:3: including conf/distro/include/default-distrovars.inc
DEBUG: CONF /build/poky/meta/conf/distro/defaultsetup.conf:4: including conf/distro/include/world-broken.inc
DEBUG: CONF /build/poky/meta/conf/distro/defaultsetup.conf:7: including conf/distro/include/tcmode-default.inc
DEBUG: CONF /build/poky/meta/conf/distro/include/tcmode-default.inc:71: including conf/distro/include/as-needed.inc
DEBUG: CONF /build/poky/meta/conf/distro/defaultsetup.conf:10: including conf/distro/include/tclibc-glibc.inc
DEBUG: CONF /build/poky/meta/conf/distro/defaultsetup.conf:12: including conf/distro/include/uninative-flags.inc
DEBUG: CONF /build/poky/meta/conf/bitbake.conf:750: including conf/documentation.conf
DEBUG: CONF /build/poky/meta/conf/bitbake.conf:751: including conf/licenses.conf
DEBUG: CONF /build/poky/meta/conf/bitbake.conf:752: including conf/sanity.conf
DEBUG: Inheriting /build/poky/meta/classes/base.bbclass (from configuration INHERITs:0)
DEBUG: Inheriting /build/poky/meta/classes/patch.bbclass (from /build/poky/meta/classes/base.bbclass:4)
DEBUG: Inheriting /build/poky/meta/classes/terminal.bbclass (from /build/poky/meta/classes/patch.bbclass:11)
DEBUG: Inheriting /build/poky/meta/classes/staging.bbclass (from /build/poky/meta/classes/base.bbclass:5)
DEBUG: Inheriting /build/poky/meta/classes/mirrors.bbclass (from /build/poky/meta/classes/base.bbclass:7)
DEBUG: Inheriting /build/poky/meta/classes/utils.bbclass (from /build/poky/meta/classes/base.bbclass:8)
DEBUG: Inheriting /build/poky/meta/classes/utility-tasks.bbclass (from /build/poky/meta/classes/base.bbclass:9)
DEBUG: Inheriting /build/poky/meta/classes/metadata_scm.bbclass (from /build/poky/meta/classes/base.bbclass:10)
DEBUG: Inheriting /build/poky/meta/classes/logging.bbclass (from /build/poky/meta/classes/base.bbclass:11)
DEBUG: Inheriting /build/poky/meta/classes/own-mirrors.bbclass (from configuration INHERITs:0)
DEBUG: Inheriting /build/poky/meta-poky/classes/poky-sanity.bbclass (from configuration INHERITs:0)
DEBUG: Inheriting /build/poky/meta/classes/uninative.bbclass (from configuration INHERITs:0)
DEBUG: Inheriting /build/poky/meta/classes/buildhistory.bbclass (from configuration INHERITs:0)
DEBUG: Inheriting /build/poky/meta/classes/package_rpm.bbclass (from configuration INHERITs:0)
DEBUG: Inheriting /build/poky/meta/classes/package.bbclass (from /build/poky/meta/classes/package_rpm.bbclass:1)
DEBUG: Inheriting /build/poky/meta/classes/packagedata.bbclass (from /build/poky/meta/classes/package.bbclass:41)
DEBUG: Inheriting /build/poky/meta/classes/chrpath.bbclass (from /build/poky/meta/classes/package.bbclass:42)
DEBUG: Inheriting /build/poky/meta/classes/insane.bbclass (from /build/poky/meta/classes/package.bbclass:45)
DEBUG: Inheriting /build/poky/meta/classes/buildstats.bbclass (from configuration INHERITs:0)
DEBUG: Inheriting /build/poky/meta/classes/image-mklibs.bbclass (from configuration INHERITs:0)
DEBUG: Inheriting /build/poky/meta/classes/linuxloader.bbclass (from /build/poky/meta/classes/image-mklibs.bbclass:5)
DEBUG: Inheriting /build/poky/meta/classes/image-prelink.bbclass (from configuration INHERITs:0)
DEBUG: Inheriting /build/poky/meta/classes/debian.bbclass (from configuration INHERITs:0)
Accepting [<socket.socket fd=8, family=AddressFamily.AF_UNIX, type=SocketType.SOCK_STREAM, proto=0, laddr=bitbake.sock>]
DEBUG: Inheriting /build/poky/meta/classes/devshell.bbclass (from configuration INHERITs:0)
Connecting Client
DEBUG: Inheriting /build/poky/meta/classes/sstate.bbclass (from configuration INHERITs:0)
DEBUG: Inheriting /build/poky/meta/classes/license.bbclass (from configuration INHERITs:0)
DEBUG: Inheriting /build/poky/meta/classes/remove-libtool.bbclass (from configuration INHERITs:0)
DEBUG: Inheriting /build/poky/meta/classes/blacklist.bbclass (from configuration INHERITs:0)
DEBUG: Inheriting /build/poky/meta/classes/sanity.bbclass (from configuration INHERITs:0)
DEBUG: Clearing SRCREV cache due to cache policy of: clear
DEBUG: Using cache in '/build/cache/local_file_checksum_cache.dat'
DEBUG: Using cache in '/build/cache/bb_codeparser.dat'
DEBUG: Enabling uninative
Running command ['setFeatures', [2]]
Running command ['updateConfig', {'profile': False, 'postfile': [], 'force': False, 'server_timeout': None, 'dump_signatures': [], 'verbose': False, 'debug': 0, 'dry_run': False, 'prefile': [], 'extra_assume_provided': [], 'invalidate_stamp': None, 'debug_domains': [], 'abort': True}, {'LANGUAGE': 'en_US:en', 'PWD': '/build/meta-xa-golang/recipes-golang/github.com-kr', 'OLDPWD': '/build/meta-xa-golang/recipes-golang', 'MACHINE': 'transferpc', 'HOSTNAME': '4b166cfd8ffb', 'PATH': '/build/poky/scripts:/build/poky/bitbake/bin:/usr/local/bin:/usr/bin:/bin:/usr/local/games:/usr/games', 'LS_COLORS': 'rs=0:di=01;34:ln=01;36:mh=00:pi=40;33:so=01;35:do=01;35:bd=40;33;01:cd=40;33;01:or=40;31;01:su=37;41:sg=30;43:ca=30;41:tw=30;42:ow=34;42:st=37;44:ex=01;32:*.tar=01;31:*.tgz=01;31:*.arc=01;31:*.arj=01;31:*.taz=01;31:*.lha=01;31:*.lz4=01;31:*.lzh=01;31:*.lzma=01;31:*.tlz=01;31:*.txz=01;31:*.tzo=01;31:*.t7z=01;31:*.zip=01;31:*.z=01;31:*.Z=01;31:*.dz=01;31:*.gz=01;31:*.lrz=01;31:*.lz=01;31:*.lzo=01;31:*.xz=01;31:*.bz2=01;31:*.bz=01;31:*.tbz=01;31:*.tbz2=01;31:*.tz=01;31:*.deb=01;31:*.rpm=01;31:*.jar=01;31:*.war=01;31:*.ear=01;31:*.sar=01;31:*.rar=01;31:*.alz=01;31:*.ace=01;31:*.zoo=01;31:*.cpio=01;31:*.7z=01;31:*.rz=01;31:*.cab=01;31:*.jpg=01;35:*.jpeg=01;35:*.gif=01;35:*.bmp=01;35:*.pbm=01;35:*.pgm=01;35:*.ppm=01;35:*.tga=01;35:*.xbm=01;35:*.xpm=01;35:*.tif=01;35:*.tiff=01;35:*.png=01;35:*.svg=01;35:*.svgz=01;35:*.mng=01;35:*.pcx=01;35:*.mov=01;35:*.mpg=01;35:*.mpeg=01;35:*.m2v=01;35:*.mkv=01;35:*.webm=01;35:*.ogm=01;35:*.mp4=01;35:*.m4v=01;35:*.mp4v=01;35:*.vob=01;35:*.qt=01;35:*.nuv=01;35:*.wmv=01;35:*.asf=01;35:*.rm=01;35:*.rmvb=01;35:*.flc=01;35:*.avi=01;35:*.fli=01;35:*.flv=01;35:*.gl=01;35:*.dl=01;35:*.xcf=01;35:*.xwd=01;35:*.yuv=01;35:*.cgm=01;35:*.emf=01;35:*.axv=01;35:*.anx=01;35:*.ogv=01;35:*.ogx=01;35:*.aac=00;36:*.au=00;36:*.flac=00;36:*.m4a=00;36:*.mid=00;36:*.midi=00;36:*.mka=00;36:*.mp3=00;36:*.mpc=00;36:*.ogg=00;36:*.ra=00;36:*.wav=00;36:*.axa=00;36:*.oga=00;36:*.spx=00;36:*.xspf=00;36:', 'TERM': 'xterm', 'BUILDDIR': '/build', 'BB_ENV_EXTRAWHITE': 'ALL_PROXY BBPATH_EXTRA BB_NO_NETWORK BB_NUMBER_THREADS BB_SETSCENE_ENFORCE BB_SRCREV_POLICY DISTRO FTPS_PROXY FTP_PROXY GIT_PROXY_COMMAND HTTPS_PROXY HTTP_PROXY MACHINE NO_PROXY PARALLEL_MAKE SCREENDIR SDKMACHINE SOCKS5_PASSWD SOCKS5_USER SSH_AGENT_PID SSH_AUTH_SOCK STAMPS_DIR TCLIBC TCMODE all_proxy ftp_proxy ftps_proxy http_proxy https_proxy no_proxy ', 'LANG': 'C.UTF-8', 'LC_ALL': 'en_US.UTF-8', 'HOME': '/home/minion', '_': '/build/poky/bitbake/bin/bitbake', 'SHLVL': '1', 'BBPATH': '/build'}, ['/build/poky/bitbake/bin/bitbake', 'github.com-kr-pretty']]
Running command ['getVariable', 'BBINCLUDELOGS']
Running command ['getVariable', 'BBINCLUDELOGS_LINES']
Running command ['getSetVariable', 'BB_CONSOLELOG']
Running command ['getUIHandlerNum']
Running command ['setEventMask', 1, 20, {}, ['bb.runqueue.runQueueExitWait', 'bb.event.LogExecTTY', 'logging.LogRecord', 'bb.build.TaskFailed', 'bb.build.TaskBase', 'bb.event.ParseStarted', 'bb.event.ParseProgress', 'bb.event.ParseCompleted', 'bb.event.CacheLoadStarted', 'bb.event.CacheLoadProgress', 'bb.event.CacheLoadCompleted', 'bb.command.CommandFailed', 'bb.command.CommandExit', 'bb.command.CommandCompleted', 'bb.cooker.CookerExit', 'bb.event.MultipleProviders', 'bb.event.NoProvider', 'bb.runqueue.sceneQueueTaskStarted', 'bb.runqueue.runQueueTaskStarted', 'bb.runqueue.runQueueTaskFailed', 'bb.runqueue.sceneQueueTaskFailed', 'bb.event.BuildBase', 'bb.build.TaskStarted', 'bb.build.TaskSucceeded', 'bb.build.TaskFailedSilent', 'bb.build.TaskProgress', 'bb.event.ProcessStarted', 'bb.event.ProcessProgress', 'bb.event.ProcessFinished']]
Running command ['getVariable', 'BB_DEFAULT_TASK']
Running command ['setConfig', 'cmd', 'build']
Running command ['buildTargets', ['github.com-kr-pretty'], 'build']
Connecting Client
Disconnecting Client
No timeout, exiting.
Exiting
--- Starting bitbake server pid 77815 at 2018-08-13 18:30:12.020527 ---
Started bitbake server pid 77815
DEBUG: Found bblayers.conf (/build/conf/bblayers.conf)
DEBUG: Adding layer /build/poky/meta
DEBUG: Adding layer /build/poky/meta-poky
DEBUG: Adding layer /build/poky/meta-yocto-bsp
DEBUG: Adding layer /extsrc/meta-caiman-intel
DEBUG: Adding layer /extsrc/meta-caiman
DEBUG: Adding layer /build/meta-xa-golang
DEBUG: Adding layer /build/meta-intel
DEBUG: CONF /build/meta-intel/conf/layer.conf:24: including /build/meta-intel/conf/include/maintainers.inc
DEBUG: Adding layer /build/meta-openembedded/meta-networking
DEBUG: Adding layer /build/meta-openembedded/meta-filesystems
DEBUG: Adding layer /build/meta-openembedded/meta-python
DEBUG: Adding layer /build/meta-openembedded/meta-oe
DEBUG: CONF /build/poky/meta/conf/bitbake.conf:741: including conf/abi_version.conf
DEBUG: CONF /build/poky/meta/conf/bitbake.conf:742: including conf/site.conf
DEBUG: CONF file 'conf/site.conf' not found
DEBUG: CONF /build/poky/meta/conf/bitbake.conf:743: including conf/auto.conf
DEBUG: CONF file 'conf/auto.conf' not found
DEBUG: CONF /build/poky/meta/conf/bitbake.conf:744: including conf/local.conf
Entering server connection loop
DEBUG: CONF /build/poky/meta/conf/bitbake.conf:745: including conf/multiconfig/default.conf
DEBUG: CONF /build/poky/meta/conf/bitbake.conf:746: including conf/machine/transferpc.conf
DEBUG: CONF /extsrc/meta-caiman-intel/conf/machine/transferpc.conf:6: including conf/machine/intel-corei7-64.conf
DEBUG: CONF /build/meta-intel/conf/machine/intel-corei7-64.conf:6: including conf/machine/include/meta-intel.inc
DEBUG: CONF /build/meta-intel/conf/machine/include/meta-intel.inc:50: including conf/machine/include/qemuboot-intel.inc
DEBUG: CONF /build/meta-intel/conf/machine/include/meta-intel.inc:54: including conf/machine/include/qemu-intel.inc
DEBUG: CONF /build/meta-intel/conf/machine/intel-corei7-64.conf:7: including conf/machine/include/intel-corei7-64-common.inc
DEBUG: CONF /build/meta-intel/conf/machine/include/intel-corei7-64-common.inc:6: including conf/machine/include/tune-corei7.inc
DEBUG: CONF /build/poky/meta/conf/machine/include/tune-corei7.inc:12: including conf/machine/include/tune-core2.inc
DEBUG: CONF /build/poky/meta/conf/machine/include/tune-core2.inc:15: including conf/machine/include/tune-i586.inc
DEBUG: CONF /build/poky/meta/conf/machine/include/tune-i586.inc:3: including conf/machine/include/x86/arch-x86.inc
DEBUG: CONF /build/meta-intel/conf/machine/include/intel-corei7-64-common.inc:7: including conf/machine/include/x86-base.inc
DEBUG: CONF /build/meta-intel/conf/machine/intel-corei7-64.conf:8: including conf/machine/include/intel-common-pkgarch.inc
DEBUG: CONF /build/poky/meta/conf/bitbake.conf:747: including conf/machine-sdk/x86_64.conf
DEBUG: CONF /build/poky/meta/conf/bitbake.conf:748: including conf/distro/gatoregg.conf
DEBUG: CONF /extsrc/meta-caiman/conf/distro/gatoregg.conf:1: including conf/distro/poky.conf
DEBUG: CONF /build/poky/meta-poky/conf/distro/poky.conf:101: including conf/distro/include/poky-world-exclude.inc
DEBUG: CONF /build/poky/meta-poky/conf/distro/poky.conf:102: including conf/distro/include/no-static-libs.inc
DEBUG: CONF /build/poky/meta-poky/conf/distro/poky.conf:103: including conf/distro/include/yocto-uninative.inc
DEBUG: CONF /build/poky/meta/conf/bitbake.conf:749: including conf/distro/defaultsetup.conf
DEBUG: CONF /build/poky/meta/conf/distro/defaultsetup.conf:1: including conf/distro/include/default-providers.inc
DEBUG: CONF /build/poky/meta/conf/distro/defaultsetup.conf:2: including conf/distro/include/default-versions.inc
DEBUG: CONF /build/poky/meta/conf/distro/defaultsetup.conf:3: including conf/distro/include/default-distrovars.inc
DEBUG: CONF /build/poky/meta/conf/distro/defaultsetup.conf:4: including conf/distro/include/world-broken.inc
DEBUG: CONF /build/poky/meta/conf/distro/defaultsetup.conf:7: including conf/distro/include/tcmode-default.inc
DEBUG: CONF /build/poky/meta/conf/distro/include/tcmode-default.inc:71: including conf/distro/include/as-needed.inc
DEBUG: CONF /build/poky/meta/conf/distro/defaultsetup.conf:10: including conf/distro/include/tclibc-glibc.inc
DEBUG: CONF /build/poky/meta/conf/distro/defaultsetup.conf:12: including conf/distro/include/uninative-flags.inc
DEBUG: CONF /build/poky/meta/conf/bitbake.conf:750: including conf/documentation.conf
DEBUG: CONF /build/poky/meta/conf/bitbake.conf:751: including conf/licenses.conf
DEBUG: CONF /build/poky/meta/conf/bitbake.conf:752: including conf/sanity.conf
DEBUG: Inheriting /build/poky/meta/classes/base.bbclass (from configuration INHERITs:0)
DEBUG: Inheriting /build/poky/meta/classes/patch.bbclass (from /build/poky/meta/classes/base.bbclass:4)
DEBUG: Inheriting /build/poky/meta/classes/terminal.bbclass (from /build/poky/meta/classes/patch.bbclass:11)
DEBUG: Inheriting /build/poky/meta/classes/staging.bbclass (from /build/poky/meta/classes/base.bbclass:5)
DEBUG: Inheriting /build/poky/meta/classes/mirrors.bbclass (from /build/poky/meta/classes/base.bbclass:7)
DEBUG: Inheriting /build/poky/meta/classes/utils.bbclass (from /build/poky/meta/classes/base.bbclass:8)
DEBUG: Inheriting /build/poky/meta/classes/utility-tasks.bbclass (from /build/poky/meta/classes/base.bbclass:9)
DEBUG: Inheriting /build/poky/meta/classes/metadata_scm.bbclass (from /build/poky/meta/classes/base.bbclass:10)
DEBUG: Inheriting /build/poky/meta/classes/logging.bbclass (from /build/poky/meta/classes/base.bbclass:11)
DEBUG: Inheriting /build/poky/meta/classes/own-mirrors.bbclass (from configuration INHERITs:0)
DEBUG: Inheriting /build/poky/meta-poky/classes/poky-sanity.bbclass (from configuration INHERITs:0)
DEBUG: Inheriting /build/poky/meta/classes/uninative.bbclass (from configuration INHERITs:0)
DEBUG: Inheriting /build/poky/meta/classes/buildhistory.bbclass (from configuration INHERITs:0)
DEBUG: Inheriting /build/poky/meta/classes/package_rpm.bbclass (from configuration INHERITs:0)
DEBUG: Inheriting /build/poky/meta/classes/package.bbclass (from /build/poky/meta/classes/package_rpm.bbclass:1)
DEBUG: Inheriting /build/poky/meta/classes/packagedata.bbclass (from /build/poky/meta/classes/package.bbclass:41)
DEBUG: Inheriting /build/poky/meta/classes/chrpath.bbclass (from /build/poky/meta/classes/package.bbclass:42)
DEBUG: Inheriting /build/poky/meta/classes/insane.bbclass (from /build/poky/meta/classes/package.bbclass:45)
DEBUG: Inheriting /build/poky/meta/classes/buildstats.bbclass (from configuration INHERITs:0)
DEBUG: Inheriting /build/poky/meta/classes/image-mklibs.bbclass (from configuration INHERITs:0)
DEBUG: Inheriting /build/poky/meta/classes/linuxloader.bbclass (from /build/poky/meta/classes/image-mklibs.bbclass:5)
DEBUG: Inheriting /build/poky/meta/classes/image-prelink.bbclass (from configuration INHERITs:0)
DEBUG: Inheriting /build/poky/meta/classes/debian.bbclass (from configuration INHERITs:0)
DEBUG: Inheriting /build/poky/meta/classes/devshell.bbclass (from configuration INHERITs:0)
DEBUG: Inheriting /build/poky/meta/classes/sstate.bbclass (from configuration INHERITs:0)
DEBUG: Inheriting /build/poky/meta/classes/license.bbclass (from configuration INHERITs:0)
DEBUG: Inheriting /build/poky/meta/classes/remove-libtool.bbclass (from configuration INHERITs:0)
DEBUG: Inheriting /build/poky/meta/classes/blacklist.bbclass (from configuration INHERITs:0)
DEBUG: Inheriting /build/poky/meta/classes/sanity.bbclass (from configuration INHERITs:0)
DEBUG: Clearing SRCREV cache due to cache policy of: clear
Accepting [<socket.socket fd=8, family=AddressFamily.AF_UNIX, type=SocketType.SOCK_STREAM, proto=0, laddr=bitbake.sock>]
DEBUG: Using cache in '/build/cache/local_file_checksum_cache.dat'
DEBUG: Using cache in '/build/cache/bb_codeparser.dat'
Connecting Client
DEBUG: Enabling uninative
Running command ['setFeatures', [2]]
Running command ['updateConfig', {'dump_signatures': [], 'abort': True, 'profile': False, 'verbose': False, 'debug_domains': [], 'dry_run': False, 'prefile': [], 'extra_assume_provided': [], 'server_timeout': None, 'invalidate_stamp': None, 'debug': 0, 'postfile': [], 'force': False}, {'BBPATH': '/build', 'MACHINE': 'transferpc', 'LC_ALL': 'en_US.UTF-8', 'LANGUAGE': 'en_US:en', '_': '/build/poky/bitbake/bin/bitbake', 'BB_ENV_EXTRAWHITE': 'ALL_PROXY BBPATH_EXTRA BB_NO_NETWORK BB_NUMBER_THREADS BB_SETSCENE_ENFORCE BB_SRCREV_POLICY DISTRO FTPS_PROXY FTP_PROXY GIT_PROXY_COMMAND HTTPS_PROXY HTTP_PROXY MACHINE NO_PROXY PARALLEL_MAKE SCREENDIR SDKMACHINE SOCKS5_PASSWD SOCKS5_USER SSH_AGENT_PID SSH_AUTH_SOCK STAMPS_DIR TCLIBC TCMODE all_proxy ftp_proxy ftps_proxy http_proxy https_proxy no_proxy ', 'LANG': 'C.UTF-8', 'HOME': '/home/minion', 'PATH': '/build/poky/scripts:/build/poky/bitbake/bin:/usr/local/bin:/usr/bin:/bin:/usr/local/games:/usr/games', 'BUILDDIR': '/build', 'LS_COLORS': 'rs=0:di=01;34:ln=01;36:mh=00:pi=40;33:so=01;35:do=01;35:bd=40;33;01:cd=40;33;01:or=40;31;01:su=37;41:sg=30;43:ca=30;41:tw=30;42:ow=34;42:st=37;44:ex=01;32:*.tar=01;31:*.tgz=01;31:*.arc=01;31:*.arj=01;31:*.taz=01;31:*.lha=01;31:*.lz4=01;31:*.lzh=01;31:*.lzma=01;31:*.tlz=01;31:*.txz=01;31:*.tzo=01;31:*.t7z=01;31:*.zip=01;31:*.z=01;31:*.Z=01;31:*.dz=01;31:*.gz=01;31:*.lrz=01;31:*.lz=01;31:*.lzo=01;31:*.xz=01;31:*.bz2=01;31:*.bz=01;31:*.tbz=01;31:*.tbz2=01;31:*.tz=01;31:*.deb=01;31:*.rpm=01;31:*.jar=01;31:*.war=01;31:*.ear=01;31:*.sar=01;31:*.rar=01;31:*.alz=01;31:*.ace=01;31:*.zoo=01;31:*.cpio=01;31:*.7z=01;31:*.rz=01;31:*.cab=01;31:*.jpg=01;35:*.jpeg=01;35:*.gif=01;35:*.bmp=01;35:*.pbm=01;35:*.pgm=01;35:*.ppm=01;35:*.tga=01;35:*.xbm=01;35:*.xpm=01;35:*.tif=01;35:*.tiff=01;35:*.png=01;35:*.svg=01;35:*.svgz=01;35:*.mng=01;35:*.pcx=01;35:*.mov=01;35:*.mpg=01;35:*.mpeg=01;35:*.m2v=01;35:*.mkv=01;35:*.webm=01;35:*.ogm=01;35:*.mp4=01;35:*.m4v=01;35:*.mp4v=01;35:*.vob=01;35:*.qt=01;35:*.nuv=01;35:*.wmv=01;35:*.asf=01;35:*.rm=01;35:*.rmvb=01;35:*.flc=01;35:*.avi=01;35:*.fli=01;35:*.flv=01;35:*.gl=01;35:*.dl=01;35:*.xcf=01;35:*.xwd=01;35:*.yuv=01;35:*.cgm=01;35:*.emf=01;35:*.axv=01;35:*.anx=01;35:*.ogv=01;35:*.ogx=01;35:*.aac=00;36:*.au=00;36:*.flac=00;36:*.m4a=00;36:*.mid=00;36:*.midi=00;36:*.mka=00;36:*.mp3=00;36:*.mpc=00;36:*.ogg=00;36:*.ra=00;36:*.wav=00;36:*.axa=00;36:*.oga=00;36:*.spx=00;36:*.xspf=00;36:', 'TERM': 'xterm', 'OLDPWD': '/build/meta-xa-golang/recipes-golang', 'PWD': '/build/meta-xa-golang/recipes-golang/github.com-kr', 'HOSTNAME': '4b166cfd8ffb', 'SHLVL': '1'}, ['/build/poky/bitbake/bin/bitbake', 'mcb-initramfs']]
Running command ['getVariable', 'BBINCLUDELOGS']
Running command ['getVariable', 'BBINCLUDELOGS_LINES']
Running command ['getSetVariable', 'BB_CONSOLELOG']
Running command ['getUIHandlerNum']
Running command ['setEventMask', 1, 20, {}, ['bb.runqueue.runQueueExitWait', 'bb.event.LogExecTTY', 'logging.LogRecord', 'bb.build.TaskFailed', 'bb.build.TaskBase', 'bb.event.ParseStarted', 'bb.event.ParseProgress', 'bb.event.ParseCompleted', 'bb.event.CacheLoadStarted', 'bb.event.CacheLoadProgress', 'bb.event.CacheLoadCompleted', 'bb.command.CommandFailed', 'bb.command.CommandExit', 'bb.command.CommandCompleted', 'bb.cooker.CookerExit', 'bb.event.MultipleProviders', 'bb.event.NoProvider', 'bb.runqueue.sceneQueueTaskStarted', 'bb.runqueue.runQueueTaskStarted', 'bb.runqueue.runQueueTaskFailed', 'bb.runqueue.sceneQueueTaskFailed', 'bb.event.BuildBase', 'bb.build.TaskStarted', 'bb.build.TaskSucceeded', 'bb.build.TaskFailedSilent', 'bb.build.TaskProgress', 'bb.event.ProcessStarted', 'bb.event.ProcessProgress', 'bb.event.ProcessFinished']]
Running command ['getVariable', 'BB_DEFAULT_TASK']
Running command ['setConfig', 'cmd', 'build']
Running command ['buildTargets', ['mcb-initramfs'], 'build']
Connecting Client
Disconnecting Client
No timeout, exiting.
Exiting
